{"C:\\Users\\hiago\\Documents\\security app\\securityvaultclone\\app\\_layout.tsx": {"path":"C:\\Users\\hiago\\Documents\\security app\\securityvaultclone\\app\\_layout.tsx","statementMap":{"0":{"start":{"line":9,"column":0},"end":{"line":9,"column":36}},"1":{"start":{"line":12,"column":2},"end":{"line":18,"column":9}},"2":{"start":{"line":14,"column":4},"end":{"line":14,"column":40}},"3":{"start":{"line":17,"column":4},"end":{"line":17,"column":29}},"4":{"start":{"line":20,"column":2},"end":{"line":35,"column":4}}},"fnMap":{"0":{"name":"Layout","decl":{"start":{"line":11,"column":24},"end":{"line":11,"column":30}},"loc":{"start":{"line":11,"column":33},"end":{"line":36,"column":1}},"line":11},"1":{"name":"(anonymous_1)","decl":{"start":{"line":12,"column":12},"end":{"line":12,"column":13}},"loc":{"start":{"line":12,"column":18},"end":{"line":18,"column":3}},"line":12}},"branchMap":{},"s":{"0":0,"1":0,"2":0,"3":0,"4":0},"f":{"0":0,"1":0},"b":{}}
,"C:\\Users\\hiago\\Documents\\security app\\securityvaultclone\\app\\auth.tsx": {"path":"C:\\Users\\hiago\\Documents\\security app\\securityvaultclone\\app\\auth.tsx","statementMap":{"0":{"start":{"line":10,"column":28},"end":{"line":10,"column":40}},"1":{"start":{"line":11,"column":34},"end":{"line":11,"column":46}},"2":{"start":{"line":12,"column":44},"end":{"line":12,"column":59}},"3":{"start":{"line":13,"column":32},"end":{"line":13,"column":47}},"4":{"start":{"line":15,"column":21},"end":{"line":35,"column":3}},"5":{"start":{"line":16,"column":4},"end":{"line":19,"column":5}},"6":{"start":{"line":17,"column":6},"end":{"line":17,"column":65}},"7":{"start":{"line":18,"column":6},"end":{"line":18,"column":13}},"8":{"start":{"line":21,"column":4},"end":{"line":21,"column":21}},"9":{"start":{"line":22,"column":4},"end":{"line":34,"column":5}},"10":{"start":{"line":23,"column":6},"end":{"line":27,"column":7}},"11":{"start":{"line":24,"column":8},"end":{"line":24,"column":38}},"12":{"start":{"line":26,"column":8},"end":{"line":26,"column":38}},"13":{"start":{"line":28,"column":6},"end":{"line":28,"column":32}},"14":{"start":{"line":30,"column":24},"end":{"line":30,"column":42}},"15":{"start":{"line":31,"column":6},"end":{"line":31,"column":45}},"16":{"start":{"line":33,"column":6},"end":{"line":33,"column":24}},"17":{"start":{"line":37,"column":26},"end":{"line":62,"column":3}},"18":{"start":{"line":38,"column":4},"end":{"line":61,"column":5}},"19":{"start":{"line":39,"column":26},"end":{"line":39,"column":70}},"20":{"start":{"line":40,"column":6},"end":{"line":43,"column":7}},"21":{"start":{"line":41,"column":8},"end":{"line":41,"column":83}},"22":{"start":{"line":42,"column":8},"end":{"line":42,"column":15}},"23":{"start":{"line":45,"column":25},"end":{"line":45,"column":68}},"24":{"start":{"line":46,"column":6},"end":{"line":49,"column":7}},"25":{"start":{"line":47,"column":8},"end":{"line":47,"column":75}},"26":{"start":{"line":48,"column":8},"end":{"line":48,"column":15}},"27":{"start":{"line":51,"column":21},"end":{"line":54,"column":8}},"28":{"start":{"line":56,"column":6},"end":{"line":58,"column":7}},"29":{"start":{"line":57,"column":8},"end":{"line":57,"column":34}},"30":{"start":{"line":60,"column":6},"end":{"line":60,"column":71}},"31":{"start":{"line":64,"column":2},"end":{"line":128,"column":4}},"32":{"start":{"line":118,"column":25},"end":{"line":118,"column":57}},"33":{"start":{"line":131,"column":15},"end":{"line":157,"column":2}}},"fnMap":{"0":{"name":"Auth","decl":{"start":{"line":9,"column":24},"end":{"line":9,"column":28}},"loc":{"start":{"line":9,"column":31},"end":{"line":129,"column":1}},"line":9},"1":{"name":"(anonymous_1)","decl":{"start":{"line":15,"column":21},"end":{"line":15,"column":22}},"loc":{"start":{"line":15,"column":33},"end":{"line":35,"column":3}},"line":15},"2":{"name":"(anonymous_2)","decl":{"start":{"line":37,"column":26},"end":{"line":37,"column":27}},"loc":{"start":{"line":37,"column":38},"end":{"line":62,"column":3}},"line":37},"3":{"name":"(anonymous_3)","decl":{"start":{"line":118,"column":19},"end":{"line":118,"column":20}},"loc":{"start":{"line":118,"column":25},"end":{"line":118,"column":57}},"line":118}},"branchMap":{"0":{"loc":{"start":{"line":16,"column":4},"end":{"line":19,"column":5}},"type":"if","locations":[{"start":{"line":16,"column":4},"end":{"line":19,"column":5}},{"start":{},"end":{}}],"line":16},"1":{"loc":{"start":{"line":16,"column":8},"end":{"line":16,"column":27}},"type":"binary-expr","locations":[{"start":{"line":16,"column":8},"end":{"line":16,"column":14}},{"start":{"line":16,"column":18},"end":{"line":16,"column":27}}],"line":16},"2":{"loc":{"start":{"line":23,"column":6},"end":{"line":27,"column":7}},"type":"if","locations":[{"start":{"line":23,"column":6},"end":{"line":27,"column":7}},{"start":{"line":25,"column":13},"end":{"line":27,"column":7}}],"line":23},"3":{"loc":{"start":{"line":40,"column":6},"end":{"line":43,"column":7}},"type":"if","locations":[{"start":{"line":40,"column":6},"end":{"line":43,"column":7}},{"start":{},"end":{}}],"line":40},"4":{"loc":{"start":{"line":46,"column":6},"end":{"line":49,"column":7}},"type":"if","locations":[{"start":{"line":46,"column":6},"end":{"line":49,"column":7}},{"start":{},"end":{}}],"line":46},"5":{"loc":{"start":{"line":56,"column":6},"end":{"line":58,"column":7}},"type":"if","locations":[{"start":{"line":56,"column":6},"end":{"line":58,"column":7}},{"start":{},"end":{}}],"line":56},"6":{"loc":{"start":{"line":66,"column":16},"end":{"line":66,"column":60}},"type":"cond-expr","locations":[{"start":{"line":66,"column":40},"end":{"line":66,"column":49}},{"start":{"line":66,"column":52},"end":{"line":66,"column":60}}],"line":66},"7":{"loc":{"start":{"line":71,"column":11},"end":{"line":71,"column":50}},"type":"cond-expr","locations":[{"start":{"line":71,"column":27},"end":{"line":71,"column":40}},{"start":{"line":71,"column":43},"end":{"line":71,"column":50}}],"line":71},"8":{"loc":{"start":{"line":102,"column":11},"end":{"line":102,"column":49}},"type":"cond-expr","locations":[{"start":{"line":102,"column":27},"end":{"line":102,"column":38}},{"start":{"line":102,"column":41},"end":{"line":102,"column":49}}],"line":102},"9":{"loc":{"start":{"line":105,"column":9},"end":{"line":115,"column":9}},"type":"binary-expr","locations":[{"start":{"line":105,"column":9},"end":{"line":105,"column":23}},{"start":{"line":106,"column":10},"end":{"line":114,"column":19}}],"line":105},"10":{"loc":{"start":{"line":122,"column":11},"end":{"line":124,"column":46}},"type":"cond-expr","locations":[{"start":{"line":123,"column":14},"end":{"line":123,"column":39}},{"start":{"line":124,"column":14},"end":{"line":124,"column":46}}],"line":122}},"s":{"0":0,"1":0,"2":0,"3":0,"4":0,"5":0,"6":0,"7":0,"8":0,"9":0,"10":0,"11":0,"12":0,"13":0,"14":0,"15":0,"16":0,"17":0,"18":0,"19":0,"20":0,"21":0,"22":0,"23":0,"24":0,"25":0,"26":0,"27":0,"28":0,"29":0,"30":0,"31":0,"32":0,"33":0},"f":{"0":0,"1":0,"2":0,"3":0},"b":{"0":[0,0],"1":[0,0],"2":[0,0],"3":[0,0],"4":[0,0],"5":[0,0],"6":[0,0],"7":[0,0],"8":[0,0],"9":[0,0],"10":[0,0]}}
,"C:\\Users\\hiago\\Documents\\security app\\securityvaultclone\\app\\(tabs)\\_layout.tsx": {"path":"C:\\Users\\hiago\\Documents\\security app\\securityvaultclone\\app\\(tabs)\\_layout.tsx","statementMap":{"0":{"start":{"line":6,"column":22},"end":{"line":6,"column":38}},"1":{"start":{"line":8,"column":2},"end":{"line":49,"column":4}},"2":{"start":{"line":17,"column":37},"end":{"line":17,"column":93}},"3":{"start":{"line":24,"column":37},"end":{"line":24,"column":100}},"4":{"start":{"line":31,"column":37},"end":{"line":31,"column":95}},"5":{"start":{"line":38,"column":37},"end":{"line":38,"column":93}},"6":{"start":{"line":45,"column":37},"end":{"line":45,"column":93}}},"fnMap":{"0":{"name":"TabLayout","decl":{"start":{"line":5,"column":24},"end":{"line":5,"column":33}},"loc":{"start":{"line":5,"column":36},"end":{"line":50,"column":1}},"line":5},"1":{"name":"(anonymous_1)","decl":{"start":{"line":17,"column":22},"end":{"line":17,"column":23}},"loc":{"start":{"line":17,"column":37},"end":{"line":17,"column":93}},"line":17},"2":{"name":"(anonymous_2)","decl":{"start":{"line":24,"column":22},"end":{"line":24,"column":23}},"loc":{"start":{"line":24,"column":37},"end":{"line":24,"column":100}},"line":24},"3":{"name":"(anonymous_3)","decl":{"start":{"line":31,"column":22},"end":{"line":31,"column":23}},"loc":{"start":{"line":31,"column":37},"end":{"line":31,"column":95}},"line":31},"4":{"name":"(anonymous_4)","decl":{"start":{"line":38,"column":22},"end":{"line":38,"column":23}},"loc":{"start":{"line":38,"column":37},"end":{"line":38,"column":93}},"line":38},"5":{"name":"(anonymous_5)","decl":{"start":{"line":45,"column":22},"end":{"line":45,"column":23}},"loc":{"start":{"line":45,"column":37},"end":{"line":45,"column":93}},"line":45}},"branchMap":{"0":{"loc":{"start":{"line":11,"column":31},"end":{"line":11,"column":71}},"type":"cond-expr","locations":[{"start":{"line":11,"column":56},"end":{"line":11,"column":62}},{"start":{"line":11,"column":65},"end":{"line":11,"column":71}}],"line":11}},"s":{"0":0,"1":0,"2":0,"3":0,"4":0,"5":0,"6":0},"f":{"0":0,"1":0,"2":0,"3":0,"4":0,"5":0},"b":{"0":[0,0]}}
,"C:\\Users\\hiago\\Documents\\security app\\securityvaultclone\\app\\(tabs)\\index.tsx": {"path":"C:\\Users\\hiago\\Documents\\security app\\securityvaultclone\\app\\(tabs)\\index.tsx","statementMap":{"0":{"start":{"line":16,"column":36},"end":{"line":16,"column":64}},"1":{"start":{"line":17,"column":32},"end":{"line":17,"column":47}},"2":{"start":{"line":19,"column":28},"end":{"line":22,"column":3}},"3":{"start":{"line":21,"column":4},"end":{"line":21,"column":39}},"4":{"start":{"line":24,"column":21},"end":{"line":46,"column":3}},"5":{"start":{"line":25,"column":4},"end":{"line":45,"column":14}},"6":{"start":{"line":29,"column":23},"end":{"line":29,"column":58}},"7":{"start":{"line":31,"column":10},"end":{"line":42,"column":17}},"8":{"start":{"line":48,"column":2},"end":{"line":75,"column":4}},"9":{"start":{"line":63,"column":32},"end":{"line":63,"column":39}},"10":{"start":{"line":78,"column":15},"end":{"line":112,"column":2}}},"fnMap":{"0":{"name":"PasswordsScreen","decl":{"start":{"line":15,"column":24},"end":{"line":15,"column":39}},"loc":{"start":{"line":15,"column":42},"end":{"line":76,"column":1}},"line":15},"1":{"name":"(anonymous_1)","decl":{"start":{"line":19,"column":28},"end":{"line":19,"column":29}},"loc":{"start":{"line":19,"column":34},"end":{"line":22,"column":3}},"line":19},"2":{"name":"(anonymous_2)","decl":{"start":{"line":24,"column":21},"end":{"line":24,"column":22}},"loc":{"start":{"line":25,"column":4},"end":{"line":45,"column":14}},"line":25},"3":{"name":"(anonymous_3)","decl":{"start":{"line":29,"column":14},"end":{"line":29,"column":15}},"loc":{"start":{"line":29,"column":23},"end":{"line":29,"column":58}},"line":29},"4":{"name":"(anonymous_4)","decl":{"start":{"line":30,"column":15},"end":{"line":30,"column":16}},"loc":{"start":{"line":31,"column":10},"end":{"line":42,"column":17}},"line":31},"5":{"name":"(anonymous_5)","decl":{"start":{"line":35,"column":23},"end":{"line":35,"column":24}},"loc":{"start":{"line":35,"column":29},"end":{"line":35,"column":55}},"line":35},"6":{"name":"(anonymous_6)","decl":{"start":{"line":40,"column":23},"end":{"line":40,"column":24}},"loc":{"start":{"line":40,"column":29},"end":{"line":40,"column":55}},"line":40},"7":{"name":"(anonymous_7)","decl":{"start":{"line":63,"column":24},"end":{"line":63,"column":25}},"loc":{"start":{"line":63,"column":32},"end":{"line":63,"column":39}},"line":63}},"branchMap":{"0":{"loc":{"start":{"line":50,"column":7},"end":{"line":66,"column":7}},"type":"cond-expr","locations":[{"start":{"line":51,"column":8},"end":{"line":58,"column":15}},{"start":{"line":60,"column":8},"end":{"line":65,"column":10}}],"line":50}},"s":{"0":0,"1":0,"2":0,"3":0,"4":0,"5":0,"6":0,"7":0,"8":0,"9":0,"10":0},"f":{"0":0,"1":0,"2":0,"3":0,"4":0,"5":0,"6":0,"7":0},"b":{"0":[0,0]}}
,"C:\\Users\\hiago\\Documents\\security app\\securityvaultclone\\app\\(tabs)\\passwords.tsx": {"path":"C:\\Users\\hiago\\Documents\\security app\\securityvaultclone\\app\\(tabs)\\passwords.tsx","statementMap":{"0":{"start":{"line":8,"column":17},"end":{"line":8,"column":28}},"1":{"start":{"line":10,"column":2},"end":{"line":19,"column":4}},"2":{"start":{"line":16,"column":23},"end":{"line":16,"column":51}},"3":{"start":{"line":22,"column":15},"end":{"line":33,"column":2}}},"fnMap":{"0":{"name":"PasswordsScreen","decl":{"start":{"line":7,"column":24},"end":{"line":7,"column":39}},"loc":{"start":{"line":7,"column":42},"end":{"line":20,"column":1}},"line":7},"1":{"name":"(anonymous_1)","decl":{"start":{"line":16,"column":17},"end":{"line":16,"column":18}},"loc":{"start":{"line":16,"column":23},"end":{"line":16,"column":51}},"line":16}},"branchMap":{},"s":{"0":0,"1":0,"2":0,"3":0},"f":{"0":0,"1":0},"b":{}}
,"C:\\Users\\hiago\\Documents\\security app\\securityvaultclone\\app\\password\\[id].tsx": {"path":"C:\\Users\\hiago\\Documents\\security app\\securityvaultclone\\app\\password\\[id].tsx","statementMap":{"0":{"start":{"line":9,"column":17},"end":{"line":9,"column":39}},"1":{"start":{"line":10,"column":17},"end":{"line":10,"column":28}},"2":{"start":{"line":11,"column":34},"end":{"line":11,"column":71}},"3":{"start":{"line":12,"column":32},"end":{"line":12,"column":46}},"4":{"start":{"line":13,"column":36},"end":{"line":13,"column":51}},"5":{"start":{"line":15,"column":2},"end":{"line":17,"column":11}},"6":{"start":{"line":16,"column":4},"end":{"line":16,"column":19}},"7":{"start":{"line":19,"column":23},"end":{"line":39,"column":3}},"8":{"start":{"line":20,"column":4},"end":{"line":23,"column":5}},"9":{"start":{"line":21,"column":6},"end":{"line":21,"column":20}},"10":{"start":{"line":22,"column":6},"end":{"line":22,"column":13}},"11":{"start":{"line":25,"column":4},"end":{"line":38,"column":5}},"12":{"start":{"line":26,"column":19},"end":{"line":26,"column":58}},"13":{"start":{"line":27,"column":6},"end":{"line":32,"column":7}},"14":{"start":{"line":28,"column":8},"end":{"line":28,"column":26}},"15":{"start":{"line":30,"column":8},"end":{"line":30,"column":52}},"16":{"start":{"line":31,"column":8},"end":{"line":31,"column":22}},"17":{"start":{"line":34,"column":6},"end":{"line":34,"column":63}},"18":{"start":{"line":35,"column":6},"end":{"line":35,"column":20}},"19":{"start":{"line":37,"column":6},"end":{"line":37,"column":24}},"20":{"start":{"line":41,"column":2},"end":{"line":47,"column":3}},"21":{"start":{"line":42,"column":4},"end":{"line":46,"column":6}},"22":{"start":{"line":49,"column":2},"end":{"line":55,"column":3}},"23":{"start":{"line":50,"column":4},"end":{"line":54,"column":6}},"24":{"start":{"line":57,"column":2},"end":{"line":63,"column":3}},"25":{"start":{"line":58,"column":4},"end":{"line":62,"column":6}},"26":{"start":{"line":65,"column":2},"end":{"line":98,"column":4}},"27":{"start":{"line":92,"column":23},"end":{"line":92,"column":41}},"28":{"start":{"line":101,"column":15},"end":{"line":126,"column":2}}},"fnMap":{"0":{"name":"PasswordDetailScreen","decl":{"start":{"line":8,"column":24},"end":{"line":8,"column":44}},"loc":{"start":{"line":8,"column":47},"end":{"line":99,"column":1}},"line":8},"1":{"name":"(anonymous_1)","decl":{"start":{"line":15,"column":12},"end":{"line":15,"column":13}},"loc":{"start":{"line":15,"column":18},"end":{"line":17,"column":3}},"line":15},"2":{"name":"(anonymous_2)","decl":{"start":{"line":19,"column":23},"end":{"line":19,"column":24}},"loc":{"start":{"line":19,"column":35},"end":{"line":39,"column":3}},"line":19},"3":{"name":"(anonymous_3)","decl":{"start":{"line":92,"column":17},"end":{"line":92,"column":18}},"loc":{"start":{"line":92,"column":23},"end":{"line":92,"column":41}},"line":92}},"branchMap":{"0":{"loc":{"start":{"line":20,"column":4},"end":{"line":23,"column":5}},"type":"if","locations":[{"start":{"line":20,"column":4},"end":{"line":23,"column":5}},{"start":{},"end":{}}],"line":20},"1":{"loc":{"start":{"line":20,"column":8},"end":{"line":20,"column":37}},"type":"binary-expr","locations":[{"start":{"line":20,"column":8},"end":{"line":20,"column":11}},{"start":{"line":20,"column":15},"end":{"line":20,"column":37}}],"line":20},"2":{"loc":{"start":{"line":27,"column":6},"end":{"line":32,"column":7}},"type":"if","locations":[{"start":{"line":27,"column":6},"end":{"line":32,"column":7}},{"start":{"line":29,"column":13},"end":{"line":32,"column":7}}],"line":27},"3":{"loc":{"start":{"line":41,"column":2},"end":{"line":47,"column":3}},"type":"if","locations":[{"start":{"line":41,"column":2},"end":{"line":47,"column":3}},{"start":{},"end":{}}],"line":41},"4":{"loc":{"start":{"line":49,"column":2},"end":{"line":55,"column":3}},"type":"if","locations":[{"start":{"line":49,"column":2},"end":{"line":55,"column":3}},{"start":{},"end":{}}],"line":49},"5":{"loc":{"start":{"line":57,"column":2},"end":{"line":63,"column":3}},"type":"if","locations":[{"start":{"line":57,"column":2},"end":{"line":63,"column":3}},{"start":{},"end":{}}],"line":57},"6":{"loc":{"start":{"line":75,"column":9},"end":{"line":80,"column":9}},"type":"binary-expr","locations":[{"start":{"line":75,"column":9},"end":{"line":75,"column":21}},{"start":{"line":76,"column":10},"end":{"line":79,"column":13}}],"line":75},"7":{"loc":{"start":{"line":82,"column":9},"end":{"line":87,"column":9}},"type":"binary-expr","locations":[{"start":{"line":82,"column":9},"end":{"line":82,"column":23}},{"start":{"line":83,"column":10},"end":{"line":86,"column":13}}],"line":82}},"s":{"0":0,"1":0,"2":0,"3":0,"4":0,"5":0,"6":0,"7":0,"8":0,"9":0,"10":0,"11":0,"12":0,"13":0,"14":0,"15":0,"16":0,"17":0,"18":0,"19":0,"20":0,"21":0,"22":0,"23":0,"24":0,"25":0,"26":0,"27":0,"28":0},"f":{"0":0,"1":0,"2":0,"3":0},"b":{"0":[0,0],"1":[0,0],"2":[0,0],"3":[0,0],"4":[0,0],"5":[0,0],"6":[0,0],"7":[0,0]}}
,"C:\\Users\\hiago\\Documents\\security app\\securityvaultclone\\app\\password\\new.tsx": {"path":"C:\\Users\\hiago\\Documents\\security app\\securityvaultclone\\app\\password\\new.tsx","statementMap":{"0":{"start":{"line":6,"column":2},"end":{"line":10,"column":4}},"1":{"start":{"line":13,"column":15},"end":{"line":18,"column":2}}},"fnMap":{"0":{"name":"NewPasswordScreen","decl":{"start":{"line":5,"column":24},"end":{"line":5,"column":41}},"loc":{"start":{"line":5,"column":44},"end":{"line":11,"column":1}},"line":5}},"branchMap":{},"s":{"0":0,"1":0},"f":{"0":0},"b":{}}
,"C:\\Users\\hiago\\Documents\\security app\\securityvaultclone\\app\\services\\BiometricService.ts": {"path":"C:\\Users\\hiago\\Documents\\security app\\securityvaultclone\\app\\services\\BiometricService.ts","statementMap":{"0":{"start":{"line":5,"column":50},"end":{"line":5,"column":83}},"1":{"start":{"line":6,"column":51},"end":{"line":6,"column":85}},"2":{"start":{"line":12,"column":4},"end":{"line":21,"column":5}},"3":{"start":{"line":13,"column":25},"end":{"line":13,"column":69}},"4":{"start":{"line":14,"column":6},"end":{"line":14,"column":36}},"5":{"start":{"line":14,"column":23},"end":{"line":14,"column":36}},"6":{"start":{"line":16,"column":23},"end":{"line":16,"column":66}},"7":{"start":{"line":17,"column":6},"end":{"line":17,"column":22}},"8":{"start":{"line":19,"column":6},"end":{"line":19,"column":59}},"9":{"start":{"line":20,"column":6},"end":{"line":20,"column":19}},"10":{"start":{"line":28,"column":4},"end":{"line":48,"column":5}},"11":{"start":{"line":29,"column":26},"end":{"line":29,"column":59}},"12":{"start":{"line":30,"column":6},"end":{"line":32,"column":7}},"13":{"start":{"line":31,"column":8},"end":{"line":31,"column":70}},"14":{"start":{"line":34,"column":21},"end":{"line":38,"column":8}},"15":{"start":{"line":40,"column":6},"end":{"line":43,"column":7}},"16":{"start":{"line":41,"column":8},"end":{"line":41,"column":71}},"17":{"start":{"line":42,"column":8},"end":{"line":42,"column":20}},"18":{"start":{"line":44,"column":6},"end":{"line":44,"column":19}},"19":{"start":{"line":46,"column":6},"end":{"line":46,"column":56}},"20":{"start":{"line":47,"column":6},"end":{"line":47,"column":18}},"21":{"start":{"line":55,"column":4},"end":{"line":61,"column":5}},"22":{"start":{"line":56,"column":6},"end":{"line":56,"column":64}},"23":{"start":{"line":57,"column":6},"end":{"line":57,"column":65}},"24":{"start":{"line":59,"column":6},"end":{"line":59,"column":59}},"25":{"start":{"line":60,"column":6},"end":{"line":60,"column":18}},"26":{"start":{"line":68,"column":4},"end":{"line":74,"column":5}},"27":{"start":{"line":69,"column":22},"end":{"line":69,"column":76}},"28":{"start":{"line":70,"column":6},"end":{"line":70,"column":32}},"29":{"start":{"line":72,"column":6},"end":{"line":72,"column":69}},"30":{"start":{"line":73,"column":6},"end":{"line":73,"column":19}},"31":{"start":{"line":81,"column":4},"end":{"line":101,"column":5}},"32":{"start":{"line":82,"column":24},"end":{"line":82,"column":55}},"33":{"start":{"line":83,"column":6},"end":{"line":85,"column":7}},"34":{"start":{"line":84,"column":8},"end":{"line":84,"column":54}},"35":{"start":{"line":87,"column":21},"end":{"line":91,"column":8}},"36":{"start":{"line":93,"column":6},"end":{"line":96,"column":7}},"37":{"start":{"line":94,"column":8},"end":{"line":94,"column":72}},"38":{"start":{"line":95,"column":8},"end":{"line":95,"column":20}},"39":{"start":{"line":97,"column":6},"end":{"line":97,"column":19}},"40":{"start":{"line":99,"column":6},"end":{"line":99,"column":63}},"41":{"start":{"line":100,"column":6},"end":{"line":100,"column":18}},"42":{"start":{"line":108,"column":4},"end":{"line":114,"column":5}},"43":{"start":{"line":109,"column":23},"end":{"line":109,"column":78}},"44":{"start":{"line":110,"column":6},"end":{"line":110,"column":33}},"45":{"start":{"line":112,"column":6},"end":{"line":112,"column":62}},"46":{"start":{"line":113,"column":6},"end":{"line":113,"column":19}}},"fnMap":{"0":{"name":"(anonymous_0)","decl":{"start":{"line":11,"column":2},"end":{"line":11,"column":3}},"loc":{"start":{"line":11,"column":63},"end":{"line":22,"column":3}},"line":11},"1":{"name":"(anonymous_1)","decl":{"start":{"line":27,"column":2},"end":{"line":27,"column":3}},"loc":{"start":{"line":27,"column":58},"end":{"line":49,"column":3}},"line":27},"2":{"name":"(anonymous_2)","decl":{"start":{"line":54,"column":2},"end":{"line":54,"column":3}},"loc":{"start":{"line":54,"column":56},"end":{"line":62,"column":3}},"line":54},"3":{"name":"(anonymous_3)","decl":{"start":{"line":67,"column":2},"end":{"line":67,"column":3}},"loc":{"start":{"line":67,"column":61},"end":{"line":75,"column":3}},"line":67},"4":{"name":"(anonymous_4)","decl":{"start":{"line":80,"column":2},"end":{"line":80,"column":3}},"loc":{"start":{"line":80,"column":55},"end":{"line":102,"column":3}},"line":80},"5":{"name":"(anonymous_5)","decl":{"start":{"line":107,"column":2},"end":{"line":107,"column":3}},"loc":{"start":{"line":107,"column":58},"end":{"line":115,"column":3}},"line":107}},"branchMap":{"0":{"loc":{"start":{"line":14,"column":6},"end":{"line":14,"column":36}},"type":"if","locations":[{"start":{"line":14,"column":6},"end":{"line":14,"column":36}},{"start":{},"end":{}}],"line":14},"1":{"loc":{"start":{"line":30,"column":6},"end":{"line":32,"column":7}},"type":"if","locations":[{"start":{"line":30,"column":6},"end":{"line":32,"column":7}},{"start":{},"end":{}}],"line":30},"2":{"loc":{"start":{"line":40,"column":6},"end":{"line":43,"column":7}},"type":"if","locations":[{"start":{"line":40,"column":6},"end":{"line":43,"column":7}},{"start":{},"end":{}}],"line":40},"3":{"loc":{"start":{"line":83,"column":6},"end":{"line":85,"column":7}},"type":"if","locations":[{"start":{"line":83,"column":6},"end":{"line":85,"column":7}},{"start":{},"end":{}}],"line":83},"4":{"loc":{"start":{"line":93,"column":6},"end":{"line":96,"column":7}},"type":"if","locations":[{"start":{"line":93,"column":6},"end":{"line":96,"column":7}},{"start":{},"end":{}}],"line":93}},"s":{"0":1,"1":1,"2":5,"3":5,"4":5,"5":1,"6":4,"7":4,"8":0,"9":0,"10":2,"11":2,"12":2,"13":0,"14":2,"15":2,"16":1,"17":1,"18":1,"19":0,"20":0,"21":1,"22":1,"23":1,"24":0,"25":0,"26":3,"27":3,"28":3,"29":0,"30":0,"31":3,"32":3,"33":3,"34":1,"35":2,"36":2,"37":1,"38":1,"39":1,"40":1,"41":1,"42":0,"43":0,"44":0,"45":0,"46":0},"f":{"0":5,"1":2,"2":1,"3":3,"4":3,"5":0},"b":{"0":[1,4],"1":[0,2],"2":[1,1],"3":[1,2],"4":[1,1]},"_coverageSchema":"1a1c01bbd47fc00a2c39e90264f33305004495a9","hash":"56a9fdcdd5991783ffc5584000c7cba6f9ac62c4"}
,"C:\\Users\\hiago\\Documents\\security app\\securityvaultclone\\app\\services\\CryptoService.ts": {"path":"C:\\Users\\hiago\\Documents\\security app\\securityvaultclone\\app\\services\\CryptoService.ts","statementMap":{"0":{"start":{"line":6,"column":44},"end":{"line":6,"column":50}},"1":{"start":{"line":7,"column":37},"end":{"line":7,"column":40}},"2":{"start":{"line":8,"column":38},"end":{"line":8,"column":40}},"3":{"start":{"line":14,"column":16},"end":{"line":20,"column":5}},"4":{"start":{"line":21,"column":4},"end":{"line":21,"column":15}},"5":{"start":{"line":28,"column":4},"end":{"line":37,"column":5}},"6":{"start":{"line":29,"column":19},"end":{"line":29,"column":55}},"7":{"start":{"line":30,"column":22},"end":{"line":30,"column":55}},"8":{"start":{"line":31,"column":18},"end":{"line":31,"column":57}},"9":{"start":{"line":32,"column":24},"end":{"line":32,"column":55}},"10":{"start":{"line":33,"column":6},"end":{"line":33,"column":39}},"11":{"start":{"line":35,"column":6},"end":{"line":35,"column":52}},"12":{"start":{"line":36,"column":6},"end":{"line":36,"column":53}},"13":{"start":{"line":44,"column":4},"end":{"line":52,"column":5}},"14":{"start":{"line":45,"column":30},"end":{"line":45,"column":54}},"15":{"start":{"line":46,"column":18},"end":{"line":46,"column":57}},"16":{"start":{"line":47,"column":24},"end":{"line":47,"column":55}},"17":{"start":{"line":48,"column":6},"end":{"line":48,"column":51}},"18":{"start":{"line":50,"column":6},"end":{"line":50,"column":55}},"19":{"start":{"line":51,"column":6},"end":{"line":51,"column":56}},"20":{"start":{"line":59,"column":17},"end":{"line":59,"column":53}},"21":{"start":{"line":60,"column":20},"end":{"line":60,"column":53}},"22":{"start":{"line":61,"column":16},"end":{"line":61,"column":55}},"23":{"start":{"line":62,"column":4},"end":{"line":62,"column":31}},"24":{"start":{"line":69,"column":4},"end":{"line":76,"column":5}},"25":{"start":{"line":70,"column":35},"end":{"line":70,"column":50}},"26":{"start":{"line":71,"column":18},"end":{"line":71,"column":57}},"27":{"start":{"line":72,"column":6},"end":{"line":72,"column":31}},"28":{"start":{"line":74,"column":6},"end":{"line":74,"column":60}},"29":{"start":{"line":75,"column":6},"end":{"line":75,"column":19}}},"fnMap":{"0":{"name":"(anonymous_0)","decl":{"start":{"line":13,"column":2},"end":{"line":13,"column":3}},"loc":{"start":{"line":13,"column":82},"end":{"line":22,"column":3}},"line":13},"1":{"name":"(anonymous_1)","decl":{"start":{"line":27,"column":2},"end":{"line":27,"column":3}},"loc":{"start":{"line":27,"column":79},"end":{"line":38,"column":3}},"line":27},"2":{"name":"(anonymous_2)","decl":{"start":{"line":43,"column":2},"end":{"line":43,"column":3}},"loc":{"start":{"line":43,"column":88},"end":{"line":53,"column":3}},"line":43},"3":{"name":"(anonymous_3)","decl":{"start":{"line":58,"column":2},"end":{"line":58,"column":3}},"loc":{"start":{"line":58,"column":70},"end":{"line":63,"column":3}},"line":58},"4":{"name":"(anonymous_4)","decl":{"start":{"line":68,"column":2},"end":{"line":68,"column":3}},"loc":{"start":{"line":68,"column":87},"end":{"line":77,"column":3}},"line":68}},"branchMap":{},"s":{"0":2,"1":2,"2":2,"3":22,"4":22,"5":8,"6":8,"7":8,"8":8,"9":8,"10":8,"11":0,"12":0,"13":3,"14":3,"15":3,"16":3,"17":3,"18":1,"19":1,"20":8,"21":8,"22":8,"23":8,"24":3,"25":3,"26":3,"27":3,"28":0,"29":0},"f":{"0":22,"1":8,"2":3,"3":8,"4":3},"b":{},"_coverageSchema":"1a1c01bbd47fc00a2c39e90264f33305004495a9","hash":"3fece4401f8e167d34b30ef6b312872c0040a54d"}
,"C:\\Users\\hiago\\Documents\\security app\\securityvaultclone\\app\\services\\PasswordValidationService.ts": {"path":"C:\\Users\\hiago\\Documents\\security app\\securityvaultclone\\app\\services\\PasswordValidationService.ts","statementMap":{"0":{"start":{"line":14,"column":39},"end":{"line":14,"column":40}},"1":{"start":{"line":15,"column":38},"end":{"line":15,"column":39}},"2":{"start":{"line":21,"column":19},"end":{"line":21,"column":35}},"3":{"start":{"line":23,"column":4},"end":{"line":31,"column":6}},"4":{"start":{"line":38,"column":29},"end":{"line":38,"column":31}},"5":{"start":{"line":40,"column":4},"end":{"line":42,"column":5}},"6":{"start":{"line":41,"column":6},"end":{"line":41,"column":79}},"7":{"start":{"line":44,"column":4},"end":{"line":46,"column":5}},"8":{"start":{"line":45,"column":6},"end":{"line":45,"column":72}},"9":{"start":{"line":48,"column":4},"end":{"line":50,"column":5}},"10":{"start":{"line":49,"column":6},"end":{"line":49,"column":72}},"11":{"start":{"line":52,"column":4},"end":{"line":54,"column":5}},"12":{"start":{"line":53,"column":6},"end":{"line":53,"column":62}},"13":{"start":{"line":56,"column":4},"end":{"line":58,"column":5}},"14":{"start":{"line":57,"column":6},"end":{"line":57,"column":74}},"15":{"start":{"line":60,"column":21},"end":{"line":60,"column":52}},"16":{"start":{"line":61,"column":4},"end":{"line":67,"column":5}},"17":{"start":{"line":62,"column":6},"end":{"line":62,"column":52}},"18":{"start":{"line":63,"column":6},"end":{"line":65,"column":7}},"19":{"start":{"line":64,"column":8},"end":{"line":64,"column":47}},"20":{"start":{"line":66,"column":6},"end":{"line":66,"column":52}},"21":{"start":{"line":69,"column":4},"end":{"line":72,"column":6}},"22":{"start":{"line":79,"column":27},"end":{"line":79,"column":55}},"23":{"start":{"line":80,"column":27},"end":{"line":80,"column":55}},"24":{"start":{"line":81,"column":24},"end":{"line":81,"column":36}},"25":{"start":{"line":82,"column":25},"end":{"line":82,"column":47}},"26":{"start":{"line":84,"column":21},"end":{"line":84,"column":81}},"27":{"start":{"line":85,"column":19},"end":{"line":85,"column":21}},"28":{"start":{"line":88,"column":4},"end":{"line":88,"column":82}},"29":{"start":{"line":89,"column":4},"end":{"line":89,"column":82}},"30":{"start":{"line":90,"column":4},"end":{"line":90,"column":76}},"31":{"start":{"line":91,"column":4},"end":{"line":91,"column":78}},"32":{"start":{"line":94,"column":4},"end":{"line":96,"column":5}},"33":{"start":{"line":94,"column":17},"end":{"line":94,"column":32}},"34":{"start":{"line":95,"column":6},"end":{"line":95,"column":72}},"35":{"start":{"line":99,"column":4},"end":{"line":99,"column":71}},"36":{"start":{"line":99,"column":41},"end":{"line":99,"column":60}}},"fnMap":{"0":{"name":"(anonymous_0)","decl":{"start":{"line":20,"column":2},"end":{"line":20,"column":3}},"loc":{"start":{"line":20,"column":69},"end":{"line":32,"column":3}},"line":20},"1":{"name":"(anonymous_1)","decl":{"start":{"line":37,"column":2},"end":{"line":37,"column":3}},"loc":{"start":{"line":37,"column":91},"end":{"line":73,"column":3}},"line":37},"2":{"name":"(anonymous_2)","decl":{"start":{"line":78,"column":2},"end":{"line":78,"column":3}},"loc":{"start":{"line":78,"column":68},"end":{"line":100,"column":3}},"line":78},"3":{"name":"(anonymous_3)","decl":{"start":{"line":99,"column":35},"end":{"line":99,"column":36}},"loc":{"start":{"line":99,"column":41},"end":{"line":99,"column":60}},"line":99}},"branchMap":{"0":{"loc":{"start":{"line":26,"column":17},"end":{"line":26,"column":46}},"type":"binary-expr","locations":[{"start":{"line":26,"column":17},"end":{"line":26,"column":40}},{"start":{"line":26,"column":44},"end":{"line":26,"column":46}}],"line":26},"1":{"loc":{"start":{"line":27,"column":21},"end":{"line":27,"column":54}},"type":"binary-expr","locations":[{"start":{"line":27,"column":21},"end":{"line":27,"column":48}},{"start":{"line":27,"column":52},"end":{"line":27,"column":54}}],"line":27},"2":{"loc":{"start":{"line":40,"column":4},"end":{"line":42,"column":5}},"type":"if","locations":[{"start":{"line":40,"column":4},"end":{"line":42,"column":5}},{"start":{},"end":{}}],"line":40},"3":{"loc":{"start":{"line":40,"column":8},"end":{"line":40,"column":54}},"type":"binary-expr","locations":[{"start":{"line":40,"column":8},"end":{"line":40,"column":17}},{"start":{"line":40,"column":21},"end":{"line":40,"column":54}}],"line":40},"4":{"loc":{"start":{"line":44,"column":4},"end":{"line":46,"column":5}},"type":"if","locations":[{"start":{"line":44,"column":4},"end":{"line":46,"column":5}},{"start":{},"end":{}}],"line":44},"5":{"loc":{"start":{"line":48,"column":4},"end":{"line":50,"column":5}},"type":"if","locations":[{"start":{"line":48,"column":4},"end":{"line":50,"column":5}},{"start":{},"end":{}}],"line":48},"6":{"loc":{"start":{"line":52,"column":4},"end":{"line":54,"column":5}},"type":"if","locations":[{"start":{"line":52,"column":4},"end":{"line":54,"column":5}},{"start":{},"end":{}}],"line":52},"7":{"loc":{"start":{"line":56,"column":4},"end":{"line":58,"column":5}},"type":"if","locations":[{"start":{"line":56,"column":4},"end":{"line":58,"column":5}},{"start":{},"end":{}}],"line":56},"8":{"loc":{"start":{"line":61,"column":4},"end":{"line":67,"column":5}},"type":"if","locations":[{"start":{"line":61,"column":4},"end":{"line":67,"column":5}},{"start":{},"end":{}}],"line":61},"9":{"loc":{"start":{"line":63,"column":6},"end":{"line":65,"column":7}},"type":"if","locations":[{"start":{"line":63,"column":6},"end":{"line":65,"column":7}},{"start":{},"end":{}}],"line":63},"10":{"loc":{"start":{"line":78,"column":39},"end":{"line":78,"column":58}},"type":"default-arg","locations":[{"start":{"line":78,"column":56},"end":{"line":78,"column":58}}],"line":78}},"s":{"0":2,"1":2,"2":12,"3":12,"4":8,"5":8,"6":1,"7":8,"8":1,"9":8,"10":1,"11":8,"12":1,"13":8,"14":1,"15":8,"16":8,"17":0,"18":0,"19":0,"20":0,"21":8,"22":5,"23":5,"24":5,"25":5,"26":5,"27":5,"28":5,"29":5,"30":5,"31":5,"32":5,"33":5,"34":64,"35":5,"36":245},"f":{"0":12,"1":8,"2":5,"3":245},"b":{"0":[12,10],"1":[12,0],"2":[1,7],"3":[8,8],"4":[1,7],"5":[1,7],"6":[1,7],"7":[1,7],"8":[0,8],"9":[0,0],"10":[4]},"_coverageSchema":"1a1c01bbd47fc00a2c39e90264f33305004495a9","hash":"3f74aa2bdcd6b7e848e28e51b0640c524a489dc7"}
,"C:\\Users\\hiago\\Documents\\security app\\securityvaultclone\\src\\components\\PasswordForm.tsx": {"path":"C:\\Users\\hiago\\Documents\\security app\\securityvaultclone\\src\\components\\PasswordForm.tsx","statementMap":{"0":{"start":{"line":18,"column":28},"end":{"line":320,"column":1}},"1":{"start":{"line":19,"column":17},"end":{"line":19,"column":28}},"2":{"start":{"line":20,"column":32},"end":{"line":20,"column":47}},"3":{"start":{"line":21,"column":50},"end":{"line":21,"column":65}},"4":{"start":{"line":22,"column":46},"end":{"line":22,"column":60}},"5":{"start":{"line":23,"column":38},"end":{"line":23,"column":99}},"6":{"start":{"line":24,"column":50},"end":{"line":24,"column":87}},"7":{"start":{"line":25,"column":40},"end":{"line":25,"column":55}},"8":{"start":{"line":26,"column":44},"end":{"line":26,"column":80}},"9":{"start":{"line":28,"column":34},"end":{"line":34,"column":4}},"10":{"start":{"line":36,"column":30},"end":{"line":40,"column":4}},"11":{"start":{"line":42,"column":19},"end":{"line":61,"column":3}},"12":{"start":{"line":43,"column":22},"end":{"line":47,"column":5}},"13":{"start":{"line":49,"column":4},"end":{"line":51,"column":5}},"14":{"start":{"line":50,"column":6},"end":{"line":50,"column":49}},"15":{"start":{"line":52,"column":4},"end":{"line":54,"column":5}},"16":{"start":{"line":53,"column":6},"end":{"line":53,"column":53}},"17":{"start":{"line":55,"column":4},"end":{"line":57,"column":5}},"18":{"start":{"line":56,"column":6},"end":{"line":56,"column":51}},"19":{"start":{"line":59,"column":4},"end":{"line":59,"column":25}},"20":{"start":{"line":60,"column":4},"end":{"line":60,"column":65}},"21":{"start":{"line":60,"column":51},"end":{"line":60,"column":63}},"22":{"start":{"line":63,"column":23},"end":{"line":81,"column":3}},"23":{"start":{"line":64,"column":4},"end":{"line":64,"column":28}},"24":{"start":{"line":64,"column":21},"end":{"line":64,"column":28}},"25":{"start":{"line":66,"column":4},"end":{"line":66,"column":21}},"26":{"start":{"line":67,"column":4},"end":{"line":80,"column":5}},"27":{"start":{"line":68,"column":6},"end":{"line":74,"column":7}},"28":{"start":{"line":69,"column":8},"end":{"line":69,"column":55}},"29":{"start":{"line":70,"column":8},"end":{"line":70,"column":59}},"30":{"start":{"line":71,"column":13},"end":{"line":74,"column":7}},"31":{"start":{"line":72,"column":8},"end":{"line":72,"column":73}},"32":{"start":{"line":73,"column":8},"end":{"line":73,"column":64}},"33":{"start":{"line":75,"column":6},"end":{"line":75,"column":20}},"34":{"start":{"line":77,"column":6},"end":{"line":77,"column":62}},"35":{"start":{"line":79,"column":6},"end":{"line":79,"column":24}},"36":{"start":{"line":84,"column":30},"end":{"line":99,"column":3}},"37":{"start":{"line":86,"column":6},"end":{"line":86,"column":28}},"38":{"start":{"line":86,"column":21},"end":{"line":86,"column":28}},"39":{"start":{"line":88,"column":6},"end":{"line":88,"column":32}},"40":{"start":{"line":89,"column":6},"end":{"line":96,"column":7}},"41":{"start":{"line":90,"column":23},"end":{"line":90,"column":64}},"42":{"start":{"line":91,"column":8},"end":{"line":91,"column":30}},"43":{"start":{"line":93,"column":8},"end":{"line":93,"column":57}},"44":{"start":{"line":95,"column":8},"end":{"line":95,"column":35}},"45":{"start":{"line":101,"column":31},"end":{"line":105,"column":3}},"46":{"start":{"line":102,"column":4},"end":{"line":102,"column":55}},"47":{"start":{"line":102,"column":25},"end":{"line":102,"column":52}},"48":{"start":{"line":103,"column":4},"end":{"line":103,"column":55}},"49":{"start":{"line":104,"column":4},"end":{"line":104,"column":30}},"50":{"start":{"line":107,"column":33},"end":{"line":116,"column":3}},"51":{"start":{"line":108,"column":24},"end":{"line":114,"column":6}},"52":{"start":{"line":115,"column":4},"end":{"line":115,"column":38}},"53":{"start":{"line":118,"column":32},"end":{"line":127,"column":3}},"54":{"start":{"line":119,"column":4},"end":{"line":119,"column":69}},"55":{"start":{"line":119,"column":26},"end":{"line":119,"column":69}},"56":{"start":{"line":120,"column":4},"end":{"line":122,"column":5}},"57":{"start":{"line":121,"column":6},"end":{"line":121,"column":136}},"58":{"start":{"line":123,"column":4},"end":{"line":125,"column":5}},"59":{"start":{"line":124,"column":6},"end":{"line":124,"column":76}},"60":{"start":{"line":126,"column":4},"end":{"line":126,"column":14}},"61":{"start":{"line":129,"column":32},"end":{"line":134,"column":3}},"62":{"start":{"line":130,"column":4},"end":{"line":130,"column":40}},"63":{"start":{"line":130,"column":26},"end":{"line":130,"column":40}},"64":{"start":{"line":131,"column":4},"end":{"line":131,"column":47}},"65":{"start":{"line":131,"column":32},"end":{"line":131,"column":47}},"66":{"start":{"line":132,"column":4},"end":{"line":132,"column":60}},"67":{"start":{"line":132,"column":46},"end":{"line":132,"column":60}},"68":{"start":{"line":133,"column":4},"end":{"line":133,"column":18}},"69":{"start":{"line":137,"column":19},"end":{"line":170,"column":3}},"70":{"start":{"line":139,"column":6},"end":{"line":142,"column":7}},"71":{"start":{"line":140,"column":8},"end":{"line":140,"column":31}},"72":{"start":{"line":141,"column":8},"end":{"line":141,"column":15}},"73":{"start":{"line":144,"column":6},"end":{"line":144,"column":27}},"74":{"start":{"line":145,"column":6},"end":{"line":167,"column":7}},"75":{"start":{"line":147,"column":21},"end":{"line":147,"column":62}},"76":{"start":{"line":150,"column":8},"end":{"line":152,"column":9}},"77":{"start":{"line":151,"column":10},"end":{"line":151,"column":56}},"78":{"start":{"line":154,"column":8},"end":{"line":154,"column":33}},"79":{"start":{"line":156,"column":8},"end":{"line":162,"column":9}},"80":{"start":{"line":157,"column":10},"end":{"line":161,"column":12}},"81":{"start":{"line":164,"column":8},"end":{"line":164,"column":55}},"82":{"start":{"line":166,"column":8},"end":{"line":166,"column":30}},"83":{"start":{"line":172,"column":26},"end":{"line":175,"column":3}},"84":{"start":{"line":173,"column":4},"end":{"line":173,"column":50}},"85":{"start":{"line":173,"column":25},"end":{"line":173,"column":47}},"86":{"start":{"line":174,"column":4},"end":{"line":174,"column":19}},"87":{"start":{"line":177,"column":27},"end":{"line":184,"column":3}},"88":{"start":{"line":178,"column":4},"end":{"line":178,"column":62}},"89":{"start":{"line":178,"column":21},"end":{"line":178,"column":62}},"90":{"start":{"line":179,"column":4},"end":{"line":179,"column":54}},"91":{"start":{"line":179,"column":32},"end":{"line":179,"column":54}},"92":{"start":{"line":180,"column":4},"end":{"line":182,"column":5}},"93":{"start":{"line":181,"column":6},"end":{"line":181,"column":79}},"94":{"start":{"line":183,"column":4},"end":{"line":183,"column":14}},"95":{"start":{"line":186,"column":27},"end":{"line":191,"column":3}},"96":{"start":{"line":187,"column":4},"end":{"line":187,"column":35}},"97":{"start":{"line":187,"column":21},"end":{"line":187,"column":35}},"98":{"start":{"line":188,"column":4},"end":{"line":188,"column":46}},"99":{"start":{"line":188,"column":32},"end":{"line":188,"column":46}},"100":{"start":{"line":189,"column":4},"end":{"line":189,"column":64}},"101":{"start":{"line":189,"column":49},"end":{"line":189,"column":64}},"102":{"start":{"line":190,"column":4},"end":{"line":190,"column":18}},"103":{"start":{"line":193,"column":20},"end":{"line":198,"column":3}},"104":{"start":{"line":194,"column":4},"end":{"line":197,"column":56}},"105":{"start":{"line":197,"column":48},"end":{"line":197,"column":54}},"106":{"start":{"line":200,"column":2},"end":{"line":319,"column":4}},"107":{"start":{"line":205,"column":32},"end":{"line":205,"column":79}},"108":{"start":{"line":205,"column":53},"end":{"line":205,"column":77}},"109":{"start":{"line":217,"column":32},"end":{"line":217,"column":82}},"110":{"start":{"line":217,"column":53},"end":{"line":217,"column":80}},"111":{"start":{"line":238,"column":29},"end":{"line":238,"column":63}},"112":{"start":{"line":270,"column":26},"end":{"line":270,"column":64}},"113":{"start":{"line":290,"column":32},"end":{"line":290,"column":79}},"114":{"start":{"line":290,"column":53},"end":{"line":290,"column":77}},"115":{"start":{"line":322,"column":15},"end":{"line":343,"column":2}}},"fnMap":{"0":{"name":"(anonymous_0)","decl":{"start":{"line":18,"column":28},"end":{"line":18,"column":29}},"loc":{"start":{"line":18,"column":74},"end":{"line":320,"column":1}},"line":18},"1":{"name":"(anonymous_1)","decl":{"start":{"line":42,"column":19},"end":{"line":42,"column":20}},"loc":{"start":{"line":42,"column":25},"end":{"line":61,"column":3}},"line":42},"2":{"name":"(anonymous_2)","decl":{"start":{"line":60,"column":42},"end":{"line":60,"column":43}},"loc":{"start":{"line":60,"column":51},"end":{"line":60,"column":63}},"line":60},"3":{"name":"(anonymous_3)","decl":{"start":{"line":63,"column":23},"end":{"line":63,"column":24}},"loc":{"start":{"line":63,"column":35},"end":{"line":81,"column":3}},"line":63},"4":{"name":"(anonymous_4)","decl":{"start":{"line":85,"column":13},"end":{"line":85,"column":14}},"loc":{"start":{"line":85,"column":41},"end":{"line":97,"column":5}},"line":85},"5":{"name":"(anonymous_5)","decl":{"start":{"line":101,"column":31},"end":{"line":101,"column":32}},"loc":{"start":{"line":101,"column":49},"end":{"line":105,"column":3}},"line":101},"6":{"name":"(anonymous_6)","decl":{"start":{"line":102,"column":16},"end":{"line":102,"column":17}},"loc":{"start":{"line":102,"column":25},"end":{"line":102,"column":52}},"line":102},"7":{"name":"(anonymous_7)","decl":{"start":{"line":107,"column":33},"end":{"line":107,"column":34}},"loc":{"start":{"line":107,"column":39},"end":{"line":116,"column":3}},"line":107},"8":{"name":"(anonymous_8)","decl":{"start":{"line":118,"column":32},"end":{"line":118,"column":33}},"loc":{"start":{"line":118,"column":38},"end":{"line":127,"column":3}},"line":118},"9":{"name":"(anonymous_9)","decl":{"start":{"line":129,"column":32},"end":{"line":129,"column":33}},"loc":{"start":{"line":129,"column":38},"end":{"line":134,"column":3}},"line":129},"10":{"name":"(anonymous_10)","decl":{"start":{"line":138,"column":13},"end":{"line":138,"column":14}},"loc":{"start":{"line":138,"column":36},"end":{"line":168,"column":5}},"line":138},"11":{"name":"(anonymous_11)","decl":{"start":{"line":172,"column":26},"end":{"line":172,"column":27}},"loc":{"start":{"line":172,"column":44},"end":{"line":175,"column":3}},"line":172},"12":{"name":"(anonymous_12)","decl":{"start":{"line":173,"column":16},"end":{"line":173,"column":17}},"loc":{"start":{"line":173,"column":25},"end":{"line":173,"column":47}},"line":173},"13":{"name":"(anonymous_13)","decl":{"start":{"line":177,"column":27},"end":{"line":177,"column":28}},"loc":{"start":{"line":177,"column":33},"end":{"line":184,"column":3}},"line":177},"14":{"name":"(anonymous_14)","decl":{"start":{"line":186,"column":27},"end":{"line":186,"column":28}},"loc":{"start":{"line":186,"column":33},"end":{"line":191,"column":3}},"line":186},"15":{"name":"(anonymous_15)","decl":{"start":{"line":193,"column":20},"end":{"line":193,"column":21}},"loc":{"start":{"line":193,"column":26},"end":{"line":198,"column":3}},"line":193},"16":{"name":"(anonymous_16)","decl":{"start":{"line":197,"column":39},"end":{"line":197,"column":40}},"loc":{"start":{"line":197,"column":48},"end":{"line":197,"column":54}},"line":197},"17":{"name":"(anonymous_17)","decl":{"start":{"line":205,"column":22},"end":{"line":205,"column":23}},"loc":{"start":{"line":205,"column":32},"end":{"line":205,"column":79}},"line":205},"18":{"name":"(anonymous_18)","decl":{"start":{"line":205,"column":44},"end":{"line":205,"column":45}},"loc":{"start":{"line":205,"column":53},"end":{"line":205,"column":77}},"line":205},"19":{"name":"(anonymous_19)","decl":{"start":{"line":217,"column":22},"end":{"line":217,"column":23}},"loc":{"start":{"line":217,"column":32},"end":{"line":217,"column":82}},"line":217},"20":{"name":"(anonymous_20)","decl":{"start":{"line":217,"column":44},"end":{"line":217,"column":45}},"loc":{"start":{"line":217,"column":53},"end":{"line":217,"column":80}},"line":217},"21":{"name":"(anonymous_21)","decl":{"start":{"line":238,"column":23},"end":{"line":238,"column":24}},"loc":{"start":{"line":238,"column":29},"end":{"line":238,"column":63}},"line":238},"22":{"name":"(anonymous_22)","decl":{"start":{"line":270,"column":20},"end":{"line":270,"column":21}},"loc":{"start":{"line":270,"column":26},"end":{"line":270,"column":64}},"line":270},"23":{"name":"(anonymous_23)","decl":{"start":{"line":290,"column":22},"end":{"line":290,"column":23}},"loc":{"start":{"line":290,"column":32},"end":{"line":290,"column":79}},"line":290},"24":{"name":"(anonymous_24)","decl":{"start":{"line":290,"column":44},"end":{"line":290,"column":45}},"loc":{"start":{"line":290,"column":53},"end":{"line":290,"column":77}},"line":290}},"branchMap":{"0":{"loc":{"start":{"line":29,"column":11},"end":{"line":29,"column":35}},"type":"binary-expr","locations":[{"start":{"line":29,"column":11},"end":{"line":29,"column":29}},{"start":{"line":29,"column":33},"end":{"line":29,"column":35}}],"line":29},"1":{"loc":{"start":{"line":30,"column":14},"end":{"line":30,"column":41}},"type":"binary-expr","locations":[{"start":{"line":30,"column":14},"end":{"line":30,"column":35}},{"start":{"line":30,"column":39},"end":{"line":30,"column":41}}],"line":30},"2":{"loc":{"start":{"line":31,"column":14},"end":{"line":31,"column":41}},"type":"binary-expr","locations":[{"start":{"line":31,"column":14},"end":{"line":31,"column":35}},{"start":{"line":31,"column":39},"end":{"line":31,"column":41}}],"line":31},"3":{"loc":{"start":{"line":32,"column":9},"end":{"line":32,"column":31}},"type":"binary-expr","locations":[{"start":{"line":32,"column":9},"end":{"line":32,"column":25}},{"start":{"line":32,"column":29},"end":{"line":32,"column":31}}],"line":32},"4":{"loc":{"start":{"line":33,"column":11},"end":{"line":33,"column":35}},"type":"binary-expr","locations":[{"start":{"line":33,"column":11},"end":{"line":33,"column":29}},{"start":{"line":33,"column":33},"end":{"line":33,"column":35}}],"line":33},"5":{"loc":{"start":{"line":49,"column":4},"end":{"line":51,"column":5}},"type":"if","locations":[{"start":{"line":49,"column":4},"end":{"line":51,"column":5}},{"start":{},"end":{}}],"line":49},"6":{"loc":{"start":{"line":52,"column":4},"end":{"line":54,"column":5}},"type":"if","locations":[{"start":{"line":52,"column":4},"end":{"line":54,"column":5}},{"start":{},"end":{}}],"line":52},"7":{"loc":{"start":{"line":55,"column":4},"end":{"line":57,"column":5}},"type":"if","locations":[{"start":{"line":55,"column":4},"end":{"line":57,"column":5}},{"start":{},"end":{}}],"line":55},"8":{"loc":{"start":{"line":64,"column":4},"end":{"line":64,"column":28}},"type":"if","locations":[{"start":{"line":64,"column":4},"end":{"line":64,"column":28}},{"start":{},"end":{}}],"line":64},"9":{"loc":{"start":{"line":68,"column":6},"end":{"line":74,"column":7}},"type":"if","locations":[{"start":{"line":68,"column":6},"end":{"line":74,"column":7}},{"start":{"line":71,"column":13},"end":{"line":74,"column":7}}],"line":68},"10":{"loc":{"start":{"line":71,"column":13},"end":{"line":74,"column":7}},"type":"if","locations":[{"start":{"line":71,"column":13},"end":{"line":74,"column":7}},{"start":{},"end":{}}],"line":71},"11":{"loc":{"start":{"line":86,"column":6},"end":{"line":86,"column":28}},"type":"if","locations":[{"start":{"line":86,"column":6},"end":{"line":86,"column":28}},{"start":{},"end":{}}],"line":86},"12":{"loc":{"start":{"line":119,"column":4},"end":{"line":119,"column":69}},"type":"if","locations":[{"start":{"line":119,"column":4},"end":{"line":119,"column":69}},{"start":{},"end":{}}],"line":119},"13":{"loc":{"start":{"line":120,"column":4},"end":{"line":122,"column":5}},"type":"if","locations":[{"start":{"line":120,"column":4},"end":{"line":122,"column":5}},{"start":{},"end":{}}],"line":120},"14":{"loc":{"start":{"line":123,"column":4},"end":{"line":125,"column":5}},"type":"if","locations":[{"start":{"line":123,"column":4},"end":{"line":125,"column":5}},{"start":{},"end":{}}],"line":123},"15":{"loc":{"start":{"line":123,"column":8},"end":{"line":123,"column":44}},"type":"binary-expr","locations":[{"start":{"line":123,"column":8},"end":{"line":123,"column":18}},{"start":{"line":123,"column":22},"end":{"line":123,"column":44}}],"line":123},"16":{"loc":{"start":{"line":130,"column":4},"end":{"line":130,"column":40}},"type":"if","locations":[{"start":{"line":130,"column":4},"end":{"line":130,"column":40}},{"start":{},"end":{}}],"line":130},"17":{"loc":{"start":{"line":131,"column":4},"end":{"line":131,"column":47}},"type":"if","locations":[{"start":{"line":131,"column":4},"end":{"line":131,"column":47}},{"start":{},"end":{}}],"line":131},"18":{"loc":{"start":{"line":132,"column":4},"end":{"line":132,"column":60}},"type":"if","locations":[{"start":{"line":132,"column":4},"end":{"line":132,"column":60}},{"start":{},"end":{}}],"line":132},"19":{"loc":{"start":{"line":132,"column":8},"end":{"line":132,"column":44}},"type":"binary-expr","locations":[{"start":{"line":132,"column":8},"end":{"line":132,"column":18}},{"start":{"line":132,"column":22},"end":{"line":132,"column":44}}],"line":132},"20":{"loc":{"start":{"line":139,"column":6},"end":{"line":142,"column":7}},"type":"if","locations":[{"start":{"line":139,"column":6},"end":{"line":142,"column":7}},{"start":{},"end":{}}],"line":139},"21":{"loc":{"start":{"line":150,"column":8},"end":{"line":152,"column":9}},"type":"if","locations":[{"start":{"line":150,"column":8},"end":{"line":152,"column":9}},{"start":{},"end":{}}],"line":150},"22":{"loc":{"start":{"line":156,"column":8},"end":{"line":162,"column":9}},"type":"if","locations":[{"start":{"line":156,"column":8},"end":{"line":162,"column":9}},{"start":{},"end":{}}],"line":156},"23":{"loc":{"start":{"line":178,"column":4},"end":{"line":178,"column":62}},"type":"if","locations":[{"start":{"line":178,"column":4},"end":{"line":178,"column":62}},{"start":{},"end":{}}],"line":178},"24":{"loc":{"start":{"line":179,"column":4},"end":{"line":179,"column":54}},"type":"if","locations":[{"start":{"line":179,"column":4},"end":{"line":179,"column":54}},{"start":{},"end":{}}],"line":179},"25":{"loc":{"start":{"line":180,"column":4},"end":{"line":182,"column":5}},"type":"if","locations":[{"start":{"line":180,"column":4},"end":{"line":182,"column":5}},{"start":{},"end":{}}],"line":180},"26":{"loc":{"start":{"line":180,"column":8},"end":{"line":180,"column":47}},"type":"binary-expr","locations":[{"start":{"line":180,"column":8},"end":{"line":180,"column":21}},{"start":{"line":180,"column":25},"end":{"line":180,"column":47}}],"line":180},"27":{"loc":{"start":{"line":187,"column":4},"end":{"line":187,"column":35}},"type":"if","locations":[{"start":{"line":187,"column":4},"end":{"line":187,"column":35}},{"start":{},"end":{}}],"line":187},"28":{"loc":{"start":{"line":188,"column":4},"end":{"line":188,"column":46}},"type":"if","locations":[{"start":{"line":188,"column":4},"end":{"line":188,"column":46}},{"start":{},"end":{}}],"line":188},"29":{"loc":{"start":{"line":189,"column":4},"end":{"line":189,"column":64}},"type":"if","locations":[{"start":{"line":189,"column":4},"end":{"line":189,"column":64}},{"start":{},"end":{}}],"line":189},"30":{"loc":{"start":{"line":189,"column":8},"end":{"line":189,"column":47}},"type":"binary-expr","locations":[{"start":{"line":189,"column":8},"end":{"line":189,"column":21}},{"start":{"line":189,"column":25},"end":{"line":189,"column":47}}],"line":189},"31":{"loc":{"start":{"line":194,"column":11},"end":{"line":197,"column":55}},"type":"binary-expr","locations":[{"start":{"line":194,"column":11},"end":{"line":194,"column":19}},{"start":{"line":195,"column":11},"end":{"line":195,"column":34}},{"start":{"line":196,"column":11},"end":{"line":196,"column":38}},{"start":{"line":197,"column":11},"end":{"line":197,"column":55}}],"line":194},"32":{"loc":{"start":{"line":232,"column":17},"end":{"line":232,"column":60}},"type":"binary-expr","locations":[{"start":{"line":232,"column":17},"end":{"line":232,"column":34}},{"start":{"line":232,"column":38},"end":{"line":232,"column":60}}],"line":232},"33":{"loc":{"start":{"line":237,"column":20},"end":{"line":237,"column":54}},"type":"cond-expr","locations":[{"start":{"line":237,"column":37},"end":{"line":237,"column":42}},{"start":{"line":237,"column":45},"end":{"line":237,"column":54}}],"line":237},"34":{"loc":{"start":{"line":255,"column":17},"end":{"line":255,"column":77}},"type":"binary-expr","locations":[{"start":{"line":255,"column":17},"end":{"line":255,"column":34}},{"start":{"line":255,"column":38},"end":{"line":255,"column":54}},{"start":{"line":255,"column":58},"end":{"line":255,"column":77}}],"line":255},"35":{"loc":{"start":{"line":257,"column":9},"end":{"line":257,"column":51}},"type":"binary-expr","locations":[{"start":{"line":257,"column":9},"end":{"line":257,"column":24}},{"start":{"line":257,"column":28},"end":{"line":257,"column":51}}],"line":257},"36":{"loc":{"start":{"line":265,"column":15},"end":{"line":265,"column":61}},"type":"cond-expr","locations":[{"start":{"line":265,"column":31},"end":{"line":265,"column":53}},{"start":{"line":265,"column":56},"end":{"line":265,"column":61}}],"line":265},"37":{"loc":{"start":{"line":268,"column":10},"end":{"line":277,"column":11}},"type":"cond-expr","locations":[{"start":{"line":269,"column":12},"end":{"line":271,"column":14}},{"start":{"line":272,"column":14},"end":{"line":277,"column":11}}],"line":268},"38":{"loc":{"start":{"line":272,"column":14},"end":{"line":277,"column":11}},"type":"binary-expr","locations":[{"start":{"line":272,"column":14},"end":{"line":272,"column":27}},{"start":{"line":273,"column":12},"end":{"line":276,"column":14}}],"line":272},"39":{"loc":{"start":{"line":274,"column":20},"end":{"line":274,"column":75}},"type":"cond-expr","locations":[{"start":{"line":274,"column":44},"end":{"line":274,"column":58}},{"start":{"line":274,"column":61},"end":{"line":274,"column":75}}],"line":274},"40":{"loc":{"start":{"line":275,"column":21},"end":{"line":275,"column":66}},"type":"cond-expr","locations":[{"start":{"line":275,"column":45},"end":{"line":275,"column":54}},{"start":{"line":275,"column":57},"end":{"line":275,"column":66}}],"line":275},"41":{"loc":{"start":{"line":282,"column":17},"end":{"line":282,"column":74}},"type":"binary-expr","locations":[{"start":{"line":282,"column":17},"end":{"line":282,"column":31}},{"start":{"line":282,"column":36},"end":{"line":282,"column":47}},{"start":{"line":282,"column":51},"end":{"line":282,"column":73}}],"line":282},"42":{"loc":{"start":{"line":304,"column":9},"end":{"line":304,"column":51}},"type":"cond-expr","locations":[{"start":{"line":304,"column":29},"end":{"line":304,"column":37}},{"start":{"line":304,"column":40},"end":{"line":304,"column":51}}],"line":304},"43":{"loc":{"start":{"line":307,"column":7},"end":{"line":311,"column":7}},"type":"binary-expr","locations":[{"start":{"line":307,"column":7},"end":{"line":307,"column":19}},{"start":{"line":307,"column":23},"end":{"line":307,"column":49}},{"start":{"line":308,"column":8},"end":{"line":310,"column":21}}],"line":307},"44":{"loc":{"start":{"line":313,"column":7},"end":{"line":317,"column":7}},"type":"binary-expr","locations":[{"start":{"line":313,"column":7},"end":{"line":313,"column":29}},{"start":{"line":314,"column":8},"end":{"line":316,"column":21}}],"line":313}},"s":{"0":0,"1":0,"2":0,"3":0,"4":0,"5":0,"6":0,"7":0,"8":0,"9":0,"10":0,"11":0,"12":0,"13":0,"14":0,"15":0,"16":0,"17":0,"18":0,"19":0,"20":0,"21":0,"22":0,"23":0,"24":0,"25":0,"26":0,"27":0,"28":0,"29":0,"30":0,"31":0,"32":0,"33":0,"34":0,"35":0,"36":0,"37":0,"38":0,"39":0,"40":0,"41":0,"42":0,"43":0,"44":0,"45":0,"46":0,"47":0,"48":0,"49":0,"50":0,"51":0,"52":0,"53":0,"54":0,"55":0,"56":0,"57":0,"58":0,"59":0,"60":0,"61":0,"62":0,"63":0,"64":0,"65":0,"66":0,"67":0,"68":0,"69":0,"70":0,"71":0,"72":0,"73":0,"74":0,"75":0,"76":0,"77":0,"78":0,"79":0,"80":0,"81":0,"82":0,"83":0,"84":0,"85":0,"86":0,"87":0,"88":0,"89":0,"90":0,"91":0,"92":0,"93":0,"94":0,"95":0,"96":0,"97":0,"98":0,"99":0,"100":0,"101":0,"102":0,"103":0,"104":0,"105":0,"106":0,"107":0,"108":0,"109":0,"110":0,"111":0,"112":0,"113":0,"114":0,"115":0},"f":{"0":0,"1":0,"2":0,"3":0,"4":0,"5":0,"6":0,"7":0,"8":0,"9":0,"10":0,"11":0,"12":0,"13":0,"14":0,"15":0,"16":0,"17":0,"18":0,"19":0,"20":0,"21":0,"22":0,"23":0,"24":0},"b":{"0":[0,0],"1":[0,0],"2":[0,0],"3":[0,0],"4":[0,0],"5":[0,0],"6":[0,0],"7":[0,0],"8":[0,0],"9":[0,0],"10":[0,0],"11":[0,0],"12":[0,0],"13":[0,0],"14":[0,0],"15":[0,0],"16":[0,0],"17":[0,0],"18":[0,0],"19":[0,0],"20":[0,0],"21":[0,0],"22":[0,0],"23":[0,0],"24":[0,0],"25":[0,0],"26":[0,0],"27":[0,0],"28":[0,0],"29":[0,0],"30":[0,0],"31":[0,0,0,0],"32":[0,0],"33":[0,0],"34":[0,0,0],"35":[0,0],"36":[0,0],"37":[0,0],"38":[0,0],"39":[0,0],"40":[0,0],"41":[0,0,0],"42":[0,0],"43":[0,0,0],"44":[0,0]}}
,"C:\\Users\\hiago\\Documents\\security app\\securityvaultclone\\src\\components\\PasswordList.tsx": {"path":"C:\\Users\\hiago\\Documents\\security app\\securityvaultclone\\src\\components\\PasswordList.tsx","statementMap":{"0":{"start":{"line":8,"column":28},"end":{"line":98,"column":1}},"1":{"start":{"line":9,"column":36},"end":{"line":9,"column":66}},"2":{"start":{"line":10,"column":17},"end":{"line":10,"column":28}},"3":{"start":{"line":12,"column":2},"end":{"line":14,"column":9}},"4":{"start":{"line":13,"column":4},"end":{"line":13,"column":20}},"5":{"start":{"line":16,"column":24},"end":{"line":24,"column":3}},"6":{"start":{"line":17,"column":4},"end":{"line":23,"column":5}},"7":{"start":{"line":18,"column":6},"end":{"line":18,"column":52}},"8":{"start":{"line":19,"column":30},"end":{"line":19,"column":71}},"9":{"start":{"line":20,"column":6},"end":{"line":20,"column":36}},"10":{"start":{"line":22,"column":6},"end":{"line":22,"column":66}},"11":{"start":{"line":26,"column":23},"end":{"line":46,"column":3}},"12":{"start":{"line":27,"column":4},"end":{"line":45,"column":6}},"13":{"start":{"line":36,"column":12},"end":{"line":41,"column":13}},"14":{"start":{"line":37,"column":14},"end":{"line":37,"column":57}},"15":{"start":{"line":38,"column":14},"end":{"line":38,"column":36}},"16":{"start":{"line":40,"column":14},"end":{"line":40,"column":71}},"17":{"start":{"line":48,"column":21},"end":{"line":80,"column":3}},"18":{"start":{"line":49,"column":4},"end":{"line":79,"column":14}},"19":{"start":{"line":52,"column":23},"end":{"line":52,"column":58}},"20":{"start":{"line":70,"column":27},"end":{"line":70,"column":67}},"21":{"start":{"line":75,"column":27},"end":{"line":75,"column":48}},"22":{"start":{"line":82,"column":2},"end":{"line":97,"column":4}},"23":{"start":{"line":86,"column":30},"end":{"line":86,"column":37}},"24":{"start":{"line":89,"column":8},"end":{"line":94,"column":15}},"25":{"start":{"line":100,"column":15},"end":{"line":147,"column":2}}},"fnMap":{"0":{"name":"(anonymous_0)","decl":{"start":{"line":8,"column":28},"end":{"line":8,"column":29}},"loc":{"start":{"line":8,"column":34},"end":{"line":98,"column":1}},"line":8},"1":{"name":"(anonymous_1)","decl":{"start":{"line":12,"column":12},"end":{"line":12,"column":13}},"loc":{"start":{"line":12,"column":18},"end":{"line":14,"column":3}},"line":12},"2":{"name":"(anonymous_2)","decl":{"start":{"line":16,"column":24},"end":{"line":16,"column":25}},"loc":{"start":{"line":16,"column":36},"end":{"line":24,"column":3}},"line":16},"3":{"name":"(anonymous_3)","decl":{"start":{"line":26,"column":23},"end":{"line":26,"column":24}},"loc":{"start":{"line":26,"column":45},"end":{"line":46,"column":3}},"line":26},"4":{"name":"(anonymous_4)","decl":{"start":{"line":35,"column":19},"end":{"line":35,"column":20}},"loc":{"start":{"line":35,"column":31},"end":{"line":42,"column":11}},"line":35},"5":{"name":"(anonymous_5)","decl":{"start":{"line":48,"column":21},"end":{"line":48,"column":22}},"loc":{"start":{"line":49,"column":4},"end":{"line":79,"column":14}},"line":49},"6":{"name":"(anonymous_6)","decl":{"start":{"line":52,"column":17},"end":{"line":52,"column":18}},"loc":{"start":{"line":52,"column":23},"end":{"line":52,"column":58}},"line":52},"7":{"name":"(anonymous_7)","decl":{"start":{"line":70,"column":21},"end":{"line":70,"column":22}},"loc":{"start":{"line":70,"column":27},"end":{"line":70,"column":67}},"line":70},"8":{"name":"(anonymous_8)","decl":{"start":{"line":75,"column":21},"end":{"line":75,"column":22}},"loc":{"start":{"line":75,"column":27},"end":{"line":75,"column":48}},"line":75},"9":{"name":"(anonymous_9)","decl":{"start":{"line":86,"column":20},"end":{"line":86,"column":21}},"loc":{"start":{"line":86,"column":30},"end":{"line":86,"column":37}},"line":86},"10":{"name":"(anonymous_10)","decl":{"start":{"line":88,"column":26},"end":{"line":88,"column":27}},"loc":{"start":{"line":89,"column":8},"end":{"line":94,"column":15}},"line":89}},"branchMap":{"0":{"loc":{"start":{"line":56,"column":18},"end":{"line":56,"column":68}},"type":"cond-expr","locations":[{"start":{"line":56,"column":29},"end":{"line":56,"column":44}},{"start":{"line":56,"column":47},"end":{"line":56,"column":68}}],"line":56}},"s":{"0":0,"1":0,"2":0,"3":0,"4":0,"5":0,"6":0,"7":0,"8":0,"9":0,"10":0,"11":0,"12":0,"13":0,"14":0,"15":0,"16":0,"17":0,"18":0,"19":0,"20":0,"21":0,"22":0,"23":0,"24":0,"25":0},"f":{"0":0,"1":0,"2":0,"3":0,"4":0,"5":0,"6":0,"7":0,"8":0,"9":0,"10":0},"b":{"0":[0,0]}}
,"C:\\Users\\hiago\\Documents\\security app\\securityvaultclone\\src\\components\\PasswordStrengthMeter.tsx": {"path":"C:\\Users\\hiago\\Documents\\security app\\securityvaultclone\\src\\components\\PasswordStrengthMeter.tsx","statementMap":{"0":{"start":{"line":15,"column":75},"end":{"line":71,"column":1}},"1":{"start":{"line":16,"column":24},"end":{"line":21,"column":4}},"2":{"start":{"line":17,"column":4},"end":{"line":20,"column":6}},"3":{"start":{"line":23,"column":27},"end":{"line":38,"column":3}},"4":{"start":{"line":24,"column":4},"end":{"line":37,"column":5}},"5":{"start":{"line":26,"column":8},"end":{"line":26,"column":29}},"6":{"start":{"line":28,"column":8},"end":{"line":28,"column":23}},"7":{"start":{"line":30,"column":8},"end":{"line":30,"column":23}},"8":{"start":{"line":32,"column":8},"end":{"line":32,"column":23}},"9":{"start":{"line":34,"column":8},"end":{"line":34,"column":29}},"10":{"start":{"line":36,"column":8},"end":{"line":36,"column":18}},"11":{"start":{"line":40,"column":2},"end":{"line":70,"column":4}},"12":{"start":{"line":59,"column":12},"end":{"line":65,"column":19}},"13":{"start":{"line":73,"column":15},"end":{"line":99,"column":2}}},"fnMap":{"0":{"name":"(anonymous_0)","decl":{"start":{"line":15,"column":75},"end":{"line":15,"column":76}},"loc":{"start":{"line":15,"column":93},"end":{"line":71,"column":1}},"line":15},"1":{"name":"(anonymous_1)","decl":{"start":{"line":16,"column":41},"end":{"line":16,"column":42}},"loc":{"start":{"line":16,"column":47},"end":{"line":21,"column":3}},"line":16},"2":{"name":"(anonymous_2)","decl":{"start":{"line":23,"column":27},"end":{"line":23,"column":28}},"loc":{"start":{"line":23,"column":33},"end":{"line":38,"column":3}},"line":23},"3":{"name":"(anonymous_3)","decl":{"start":{"line":58,"column":33},"end":{"line":58,"column":34}},"loc":{"start":{"line":59,"column":12},"end":{"line":65,"column":19}},"line":59}},"branchMap":{"0":{"loc":{"start":{"line":24,"column":4},"end":{"line":37,"column":5}},"type":"switch","locations":[{"start":{"line":25,"column":6},"end":{"line":26,"column":29}},{"start":{"line":27,"column":6},"end":{"line":28,"column":23}},{"start":{"line":29,"column":6},"end":{"line":30,"column":23}},{"start":{"line":31,"column":6},"end":{"line":32,"column":23}},{"start":{"line":33,"column":6},"end":{"line":34,"column":29}},{"start":{"line":35,"column":6},"end":{"line":36,"column":18}}],"line":24},"1":{"loc":{"start":{"line":56,"column":7},"end":{"line":68,"column":7}},"type":"binary-expr","locations":[{"start":{"line":56,"column":7},"end":{"line":56,"column":35}},{"start":{"line":57,"column":8},"end":{"line":67,"column":15}}],"line":56}},"s":{"0":0,"1":0,"2":0,"3":0,"4":0,"5":0,"6":0,"7":0,"8":0,"9":0,"10":0,"11":0,"12":0,"13":0},"f":{"0":0,"1":0,"2":0,"3":0},"b":{"0":[0,0,0,0,0,0],"1":[0,0]}}
,"C:\\Users\\hiago\\Documents\\security app\\securityvaultclone\\src\\config\\firebase.ts": {"path":"C:\\Users\\hiago\\Documents\\security app\\securityvaultclone\\src\\config\\firebase.ts","statementMap":{"0":{"start":{"line":6,"column":23},"end":{"line":13,"column":1}},"1":{"start":{"line":16,"column":12},"end":{"line":16,"column":41}},"2":{"start":{"line":17,"column":20},"end":{"line":17,"column":32}}},"fnMap":{},"branchMap":{"0":{"loc":{"start":{"line":7,"column":10},"end":{"line":7,"column":59}},"type":"binary-expr","locations":[{"start":{"line":7,"column":10},"end":{"line":7,"column":53}},{"start":{"line":7,"column":57},"end":{"line":7,"column":59}}],"line":7},"1":{"loc":{"start":{"line":8,"column":14},"end":{"line":8,"column":67}},"type":"binary-expr","locations":[{"start":{"line":8,"column":14},"end":{"line":8,"column":61}},{"start":{"line":8,"column":65},"end":{"line":8,"column":67}}],"line":8},"2":{"loc":{"start":{"line":9,"column":13},"end":{"line":9,"column":65}},"type":"binary-expr","locations":[{"start":{"line":9,"column":13},"end":{"line":9,"column":59}},{"start":{"line":9,"column":63},"end":{"line":9,"column":65}}],"line":9},"3":{"loc":{"start":{"line":10,"column":17},"end":{"line":10,"column":73}},"type":"binary-expr","locations":[{"start":{"line":10,"column":17},"end":{"line":10,"column":67}},{"start":{"line":10,"column":71},"end":{"line":10,"column":73}}],"line":10},"4":{"loc":{"start":{"line":11,"column":21},"end":{"line":11,"column":81}},"type":"binary-expr","locations":[{"start":{"line":11,"column":21},"end":{"line":11,"column":75}},{"start":{"line":11,"column":79},"end":{"line":11,"column":81}}],"line":11},"5":{"loc":{"start":{"line":12,"column":9},"end":{"line":12,"column":57}},"type":"binary-expr","locations":[{"start":{"line":12,"column":9},"end":{"line":12,"column":51}},{"start":{"line":12,"column":55},"end":{"line":12,"column":57}}],"line":12}},"s":{"0":0,"1":0,"2":0},"f":{},"b":{"0":[0,0],"1":[0,0],"2":[0,0],"3":[0,0],"4":[0,0],"5":[0,0]}}
,"C:\\Users\\hiago\\Documents\\security app\\securityvaultclone\\src\\constants\\theme.ts": {"path":"C:\\Users\\hiago\\Documents\\security app\\securityvaultclone\\src\\constants\\theme.ts","statementMap":{"0":{"start":{"line":3,"column":21},"end":{"line":20,"column":1}}},"fnMap":{},"branchMap":{},"s":{"0":0},"f":{},"b":{}}
,"C:\\Users\\hiago\\Documents\\security app\\securityvaultclone\\src\\services\\auth.ts": {"path":"C:\\Users\\hiago\\Documents\\security app\\securityvaultclone\\src\\services\\auth.ts","statementMap":{"0":{"start":{"line":15,"column":22},"end":{"line":25,"column":1}},"1":{"start":{"line":16,"column":2},"end":{"line":24,"column":3}},"2":{"start":{"line":17,"column":27},"end":{"line":17,"column":86}},"3":{"start":{"line":18,"column":4},"end":{"line":18,"column":31}},"4":{"start":{"line":20,"column":4},"end":{"line":23,"column":19}},"5":{"start":{"line":27,"column":22},"end":{"line":37,"column":1}},"6":{"start":{"line":28,"column":2},"end":{"line":36,"column":3}},"7":{"start":{"line":29,"column":27},"end":{"line":29,"column":82}},"8":{"start":{"line":30,"column":4},"end":{"line":30,"column":31}},"9":{"start":{"line":32,"column":4},"end":{"line":35,"column":19}},"10":{"start":{"line":39,"column":23},"end":{"line":48,"column":1}},"11":{"start":{"line":40,"column":2},"end":{"line":47,"column":3}},"12":{"start":{"line":41,"column":4},"end":{"line":41,"column":32}},"13":{"start":{"line":43,"column":4},"end":{"line":46,"column":19}},"14":{"start":{"line":50,"column":29},"end":{"line":59,"column":1}},"15":{"start":{"line":51,"column":2},"end":{"line":58,"column":3}},"16":{"start":{"line":52,"column":4},"end":{"line":52,"column":46}},"17":{"start":{"line":54,"column":4},"end":{"line":57,"column":19}},"18":{"start":{"line":61,"column":30},"end":{"line":63,"column":1}},"19":{"start":{"line":62,"column":2},"end":{"line":62,"column":26}}},"fnMap":{"0":{"name":"(anonymous_0)","decl":{"start":{"line":15,"column":22},"end":{"line":15,"column":23}},"loc":{"start":{"line":15,"column":80},"end":{"line":25,"column":1}},"line":15},"1":{"name":"(anonymous_1)","decl":{"start":{"line":27,"column":22},"end":{"line":27,"column":23}},"loc":{"start":{"line":27,"column":80},"end":{"line":37,"column":1}},"line":27},"2":{"name":"(anonymous_2)","decl":{"start":{"line":39,"column":23},"end":{"line":39,"column":24}},"loc":{"start":{"line":39,"column":50},"end":{"line":48,"column":1}},"line":39},"3":{"name":"(anonymous_3)","decl":{"start":{"line":50,"column":29},"end":{"line":50,"column":30}},"loc":{"start":{"line":50,"column":69},"end":{"line":59,"column":1}},"line":50},"4":{"name":"(anonymous_4)","decl":{"start":{"line":61,"column":30},"end":{"line":61,"column":31}},"loc":{"start":{"line":61,"column":49},"end":{"line":63,"column":1}},"line":61}},"branchMap":{},"s":{"0":0,"1":0,"2":0,"3":0,"4":0,"5":0,"6":0,"7":0,"8":0,"9":0,"10":0,"11":0,"12":0,"13":0,"14":0,"15":0,"16":0,"17":0,"18":0,"19":0},"f":{"0":0,"1":0,"2":0,"3":0,"4":0},"b":{}}
,"C:\\Users\\hiago\\Documents\\security app\\securityvaultclone\\src\\services\\encryption.ts": {"path":"C:\\Users\\hiago\\Documents\\security app\\securityvaultclone\\src\\services\\encryption.ts","statementMap":{"0":{"start":{"line":6,"column":27},"end":{"line":6,"column":53}},"1":{"start":{"line":7,"column":26},"end":{"line":7,"column":51}},"2":{"start":{"line":22,"column":37},"end":{"line":22,"column":41}},"3":{"start":{"line":26,"column":14},"end":{"line":26,"column":60}},"4":{"start":{"line":28,"column":4},"end":{"line":36,"column":5}},"5":{"start":{"line":30,"column":26},"end":{"line":30,"column":62}},"6":{"start":{"line":31,"column":6},"end":{"line":33,"column":18}},"7":{"start":{"line":32,"column":18},"end":{"line":32,"column":49}},"8":{"start":{"line":35,"column":6},"end":{"line":35,"column":58}},"9":{"start":{"line":38,"column":4},"end":{"line":38,"column":25}},"10":{"start":{"line":43,"column":4},"end":{"line":43,"column":71}},"11":{"start":{"line":43,"column":25},"end":{"line":43,"column":71}},"12":{"start":{"line":44,"column":4},"end":{"line":44,"column":65}},"13":{"start":{"line":49,"column":4},"end":{"line":49,"column":71}},"14":{"start":{"line":49,"column":25},"end":{"line":49,"column":71}},"15":{"start":{"line":50,"column":18},"end":{"line":50,"column":69}},"16":{"start":{"line":51,"column":4},"end":{"line":51,"column":45}},"17":{"start":{"line":56,"column":4},"end":{"line":56,"column":58}},"18":{"start":{"line":56,"column":25},"end":{"line":56,"column":58}},"19":{"start":{"line":57,"column":4},"end":{"line":57,"column":38}},"20":{"start":{"line":61,"column":4},"end":{"line":61,"column":58}},"21":{"start":{"line":61,"column":25},"end":{"line":61,"column":58}},"22":{"start":{"line":62,"column":4},"end":{"line":62,"column":47}},"23":{"start":{"line":67,"column":4},"end":{"line":67,"column":58}},"24":{"start":{"line":67,"column":25},"end":{"line":67,"column":58}},"25":{"start":{"line":69,"column":22},"end":{"line":69,"column":50}},"26":{"start":{"line":71,"column":40},"end":{"line":77,"column":5}},"27":{"start":{"line":79,"column":4},"end":{"line":79,"column":32}},"28":{"start":{"line":80,"column":4},"end":{"line":80,"column":77}},"29":{"start":{"line":82,"column":4},"end":{"line":82,"column":23}},"30":{"start":{"line":87,"column":25},"end":{"line":87,"column":70}},"31":{"start":{"line":88,"column":4},"end":{"line":88,"column":56}},"32":{"start":{"line":93,"column":22},"end":{"line":93,"column":50}},"33":{"start":{"line":94,"column":21},"end":{"line":94,"column":53}},"34":{"start":{"line":94,"column":41},"end":{"line":94,"column":52}},"35":{"start":{"line":96,"column":4},"end":{"line":101,"column":5}},"36":{"start":{"line":97,"column":6},"end":{"line":100,"column":8}},"37":{"start":{"line":103,"column":4},"end":{"line":103,"column":16}},"38":{"start":{"line":108,"column":22},"end":{"line":108,"column":50}},"39":{"start":{"line":109,"column":18},"end":{"line":109,"column":55}},"40":{"start":{"line":109,"column":43},"end":{"line":109,"column":54}},"41":{"start":{"line":111,"column":4},"end":{"line":111,"column":34}},"42":{"start":{"line":111,"column":22},"end":{"line":111,"column":34}},"43":{"start":{"line":113,"column":28},"end":{"line":117,"column":5}},"44":{"start":{"line":119,"column":4},"end":{"line":121,"column":5}},"45":{"start":{"line":120,"column":6},"end":{"line":120,"column":72}},"46":{"start":{"line":123,"column":4},"end":{"line":123,"column":39}},"47":{"start":{"line":124,"column":4},"end":{"line":124,"column":77}},"48":{"start":{"line":126,"column":4},"end":{"line":126,"column":27}},"49":{"start":{"line":131,"column":22},"end":{"line":131,"column":50}},"50":{"start":{"line":132,"column":30},"end":{"line":132,"column":64}},"51":{"start":{"line":132,"column":52},"end":{"line":132,"column":63}},"52":{"start":{"line":134,"column":4},"end":{"line":134,"column":68}},"53":{"start":{"line":134,"column":55},"end":{"line":134,"column":68}},"54":{"start":{"line":136,"column":4},"end":{"line":136,"column":85}},"55":{"start":{"line":137,"column":4},"end":{"line":137,"column":16}},"56":{"start":{"line":141,"column":33},"end":{"line":141,"column":56}}},"fnMap":{"0":{"name":"(anonymous_0)","decl":{"start":{"line":25,"column":2},"end":{"line":25,"column":3}},"loc":{"start":{"line":25,"column":45},"end":{"line":39,"column":3}},"line":25},"1":{"name":"(anonymous_1)","decl":{"start":{"line":32,"column":13},"end":{"line":32,"column":14}},"loc":{"start":{"line":32,"column":18},"end":{"line":32,"column":49}},"line":32},"2":{"name":"(anonymous_2)","decl":{"start":{"line":42,"column":2},"end":{"line":42,"column":3}},"loc":{"start":{"line":42,"column":48},"end":{"line":45,"column":3}},"line":42},"3":{"name":"(anonymous_3)","decl":{"start":{"line":48,"column":2},"end":{"line":48,"column":3}},"loc":{"start":{"line":48,"column":57},"end":{"line":52,"column":3}},"line":48},"4":{"name":"(anonymous_4)","decl":{"start":{"line":55,"column":2},"end":{"line":55,"column":3}},"loc":{"start":{"line":55,"column":57},"end":{"line":58,"column":3}},"line":55},"5":{"name":"(anonymous_5)","decl":{"start":{"line":60,"column":2},"end":{"line":60,"column":3}},"loc":{"start":{"line":60,"column":66},"end":{"line":63,"column":3}},"line":60},"6":{"name":"(anonymous_6)","decl":{"start":{"line":66,"column":2},"end":{"line":66,"column":3}},"loc":{"start":{"line":66,"column":112},"end":{"line":83,"column":3}},"line":66},"7":{"name":"(anonymous_7)","decl":{"start":{"line":86,"column":2},"end":{"line":86,"column":3}},"loc":{"start":{"line":86,"column":53},"end":{"line":89,"column":3}},"line":86},"8":{"name":"(anonymous_8)","decl":{"start":{"line":92,"column":2},"end":{"line":92,"column":3}},"loc":{"start":{"line":92,"column":64},"end":{"line":104,"column":3}},"line":92},"9":{"name":"(anonymous_9)","decl":{"start":{"line":94,"column":36},"end":{"line":94,"column":37}},"loc":{"start":{"line":94,"column":41},"end":{"line":94,"column":52}},"line":94},"10":{"name":"(anonymous_10)","decl":{"start":{"line":107,"column":2},"end":{"line":107,"column":3}},"loc":{"start":{"line":107,"column":101},"end":{"line":127,"column":3}},"line":107},"11":{"name":"(anonymous_11)","decl":{"start":{"line":109,"column":38},"end":{"line":109,"column":39}},"loc":{"start":{"line":109,"column":43},"end":{"line":109,"column":54}},"line":109},"12":{"name":"(anonymous_12)","decl":{"start":{"line":130,"column":2},"end":{"line":130,"column":3}},"loc":{"start":{"line":130,"column":53},"end":{"line":138,"column":3}},"line":130},"13":{"name":"(anonymous_13)","decl":{"start":{"line":132,"column":47},"end":{"line":132,"column":48}},"loc":{"start":{"line":132,"column":52},"end":{"line":132,"column":63}},"line":132}},"branchMap":{"0":{"loc":{"start":{"line":28,"column":4},"end":{"line":36,"column":5}},"type":"if","locations":[{"start":{"line":28,"column":4},"end":{"line":36,"column":5}},{"start":{},"end":{}}],"line":28},"1":{"loc":{"start":{"line":43,"column":4},"end":{"line":43,"column":71}},"type":"if","locations":[{"start":{"line":43,"column":4},"end":{"line":43,"column":71}},{"start":{},"end":{}}],"line":43},"2":{"loc":{"start":{"line":49,"column":4},"end":{"line":49,"column":71}},"type":"if","locations":[{"start":{"line":49,"column":4},"end":{"line":49,"column":71}},{"start":{},"end":{}}],"line":49},"3":{"loc":{"start":{"line":56,"column":4},"end":{"line":56,"column":58}},"type":"if","locations":[{"start":{"line":56,"column":4},"end":{"line":56,"column":58}},{"start":{},"end":{}}],"line":56},"4":{"loc":{"start":{"line":61,"column":4},"end":{"line":61,"column":58}},"type":"if","locations":[{"start":{"line":61,"column":4},"end":{"line":61,"column":58}},{"start":{},"end":{}}],"line":61},"5":{"loc":{"start":{"line":67,"column":4},"end":{"line":67,"column":58}},"type":"if","locations":[{"start":{"line":67,"column":4},"end":{"line":67,"column":58}},{"start":{},"end":{}}],"line":67},"6":{"loc":{"start":{"line":88,"column":11},"end":{"line":88,"column":55}},"type":"cond-expr","locations":[{"start":{"line":88,"column":26},"end":{"line":88,"column":50}},{"start":{"line":88,"column":53},"end":{"line":88,"column":55}}],"line":88},"7":{"loc":{"start":{"line":96,"column":4},"end":{"line":101,"column":5}},"type":"if","locations":[{"start":{"line":96,"column":4},"end":{"line":101,"column":5}},{"start":{},"end":{}}],"line":96},"8":{"loc":{"start":{"line":111,"column":4},"end":{"lin
[...]
,"column":78}},"1":{"start":{"line":11,"column":36},"end":{"line":11,"column":73}},"2":{"start":{"line":19,"column":4},"end":{"line":68,"column":5}},"3":{"start":{"line":20,"column":6},"end":{"line":22,"column":7}},"4":{"start":{"line":21,"column":8},"end":{"line":21,"column":65}},"5":{"start":{"line":25,"column":27},"end":{"line":31,"column":8}},"6":{"start":{"line":33,"column":6},"end":{"line":35,"column":7}},"7":{"start":{"line":34,"column":8},"end":{"line":34,"column":63}},"8":{"start":{"line":37,"column":23},"end":{"line":37,"column":48}},"9":{"start":{"line":40,"column":6},"end":{"line":40,"column":62}},"10":{"start":{"line":40,"column":35},"end":{"line":40,"column":60}},"11":{"start":{"line":43,"column":29},"end":{"line":45,"column":7}},"12":{"start":{"line":47,"column":6},"end":{"line":49,"column":7}},"13":{"start":{"line":48,"column":8},"end":{"line":48,"column":67}},"14":{"start":{"line":51,"column":25},"end":{"line":51,"column":52}},"15":{"start":{"line":54,"column":22},"end":{"line":56,"column":76}},"16":{"start":{"line":55,"column":46},"end":{"line":55,"column":59}},"17":{"start":{"line":56,"column":48},"end":{"line":56,"column":75}},"18":{"start":{"line":58,"column":6},"end":{"line":64,"column":8}},"19":{"start":{"line":66,"column":6},"end":{"line":66,"column":53}},"20":{"start":{"line":67,"column":6},"end":{"line":67,"column":71}},"21":{"start":{"line":76,"column":4},"end":{"line":110,"column":5}},"22":{"start":{"line":77,"column":6},"end":{"line":79,"column":7}},"23":{"start":{"line":78,"column":8},"end":{"line":78,"column":65}},"24":{"start":{"line":81,"column":23},"end":{"line":83,"column":7}},"25":{"start":{"line":85,"column":6},"end":{"line":87,"column":7}},"26":{"start":{"line":86,"column":8},"end":{"line":86,"column":20}},"27":{"start":{"line":89,"column":19},"end":{"line":89,"column":40}},"28":{"start":{"line":92,"column":6},"end":{"line":94,"column":7}},"29":{"start":{"line":93,"column":8},"end":{"line":93,"column":20}},"30":{"start":{"line":96,"column":22},"end":{"line":98,"column":76}},"31":{"start":{"line":97,"column":46},"end":{"line":97,"column":59}},"32":{"start":{"line":98,"column":48},"end":{"line":98,"column":75}},"33":{"start":{"line":100,"column":6},"end":{"line":106,"column":8}},"34":{"start":{"line":108,"column":6},"end":{"line":108,"column":53}},"35":{"start":{"line":109,"column":6},"end":{"line":109,"column":18}}},"fnMap":{"0":{"name":"(anonymous_0)","decl":{"start":{"line":18,"column":2},"end":{"line":18,"column":3}},"loc":{"start":{"line":18,"column":60},"end":{"line":69,"column":3}},"line":18},"1":{"name":"(anonymous_1)","decl":{"start":{"line":40,"column":24},"end":{"line":40,"column":25}},"loc":{"start":{"line":40,"column":35},"end":{"line":40,"column":60}},"line":40},"2":{"name":"(anonymous_2)","decl":{"start":{"line":55,"column":16},"end":{"line":55,"column":17}},"loc":{"start":{"line":55,"column":46},"end":{"line":55,"column":59}},"line":55},"3":{"name":"(anonymous_3)","decl":{"start":{"line":56,"column":13},"end":{"line":56,"column":14}},"loc":{"start":{"line":56,"column":48},"end":{"line":56,"column":75}},"line":56},"4":{"name":"(anonymous_4)","decl":{"start":{"line":75,"column":2},"end":{"line":75,"column":3}},"loc":{"start":{"line":75,"column":72},"end":{"line":111,"column":3}},"line":75},"5":{"name":"(anonymous_5)","decl":{"start":{"line":97,"column":16},"end":{"line":97,"column":17}},"loc":{"start":{"line":97,"column":46},"end":{"line":97,"column":59}},"line":97},"6":{"name":"(anonymous_6)","decl":{"start":{"line":98,"column":13},"end":{"line":98,"column":14}},"loc":{"start":{"line":98,"column":48},"end":{"line":98,"column":75}},"line":98}},"branchMap":{"0":{"loc":{"start":{"line":20,"column":6},"end":{"line":22,"column":7}},"type":"if","locations":[{"start":{"line":20,"column":6},"end":{"line":22,"column":7}},{"start":{},"end":{}}],"line":20},"1":{"loc":{"start":{"line":33,"column":6},"end":{"line":35,"column":7}},"type":"if","locations":[{"start":{"line":33,"column":6},"end":{"line":35,"column":7}},{"start":{},"end":{}}],"line":33},"2":{"loc":{"start":{"line":47,"column":6},"end":{"line":49,"column":7}},"type":"if","locations":[{"start":{"line":47,"column":6},"end":{"line":49,"column":7}},{"start":{},"end":{}}],"line":47},"3":{"loc":{"start":{"line":77,"column":6},"end":{"line":79,"column":7}},"type":"if","locations":[{"start":{"line":77,"column":6},"end":{"line":79,"column":7}},{"start":{},"end":{}}],"line":77},"4":{"loc":{"start":{"line":85,"column":6},"end":{"line":87,"column":7}},"type":"if","locations":[{"start":{"line":85,"column":6},"end":{"line":87,"column":7}},{"start":{},"end":{}}],"line":85},"5":{"loc":{"start":{"line":92,"column":6},"end":{"line":94,"column":7}},"type":"if","locations":[{"start":{"line":92,"column":6},"end":{"line":94,"column":7}},{"start":{},"end":{}}],"line":92}},"s":{"0":0,"1":0,"2":0,"3":0,"4":0,"5":0,"6":0,"7":0,"8":0,"9":0,"10":0,"11":0,"12":0,"13":0,"14":0,"15":0,"16":0,"17":0,"18":0,"19":0,"20":0,"21":0,"22":0,"23":0,"24":0,"25":0,"26":0,"27":0,"28":0,"29":0,"30":0,"31":0,"32":0,"33":0,"34":0,"35":0},"f":{"0":0,"1":0,"2":0,"3":0,"4":0,"5":0,"6":0},"b":{"0":[0,0],"1":[0,0],"2":[0,0],"3":[0,0],"4":[0,0],"5":[0,0]}}
,"C:\\Users\\hiago\\Documents\\security app\\securityvaultclone\\src\\utils\\passwordGenerator.ts": {"path":"C:\\Users\\hiago\\Documents\\security app\\securityvaultclone\\src\\utils\\passwordGenerator.ts","statementMap":{"0":{"start":{"line":1,"column":18},"end":{"line":1,"column":46}},"1":{"start":{"line":2,"column":18},"end":{"line":2,"column":46}},"2":{"start":{"line":3,"column":16},"end":{"line":3,"column":28}},"3":{"start":{"line":4,"column":16},"end":{"line":4,"column":44}},"4":{"start":{"line":14,"column":32},"end":{"line":58,"column":1}},"5":{"start":{"line":21,"column":6},"end":{"line":21,"column":13}},"6":{"start":{"line":23,"column":14},"end":{"line":23,"column":16}},"7":{"start":{"line":24,"column":2},"end":{"line":24,"column":43}},"8":{"start":{"line":24,"column":24},"end":{"line":24,"column":43}},"9":{"start":{"line":25,"column":2},"end":{"line":25,"column":43}},"10":{"start":{"line":25,"column":24},"end":{"line":25,"column":43}},"11":{"start":{"line":26,"column":2},"end":{"line":26,"column":39}},"12":{"start":{"line":26,"column":22},"end":{"line":26,"column":39}},"13":{"start":{"line":27,"column":2},"end":{"line":27,"column":39}},"14":{"start":{"line":27,"column":22},"end":{"line":27,"column":39}},"15":{"start":{"line":29,"column":2},"end":{"line":31,"column":3}},"16":{"start":{"line":30,"column":4},"end":{"line":30,"column":81}},"17":{"start":{"line":33,"column":17},"end":{"line":33,"column":19}},"18":{"start":{"line":34,"column":23},"end":{"line":34,"column":46}},"19":{"start":{"line":35,"column":2},"end":{"line":35,"column":39}},"20":{"start":{"line":37,"column":2},"end":{"line":39,"column":3}},"21":{"start":{"line":37,"column":15},"end":{"line":37,"column":16}},"22":{"start":{"line":38,"column":4},"end":{"line":38,"column":54}},"23":{"start":{"line":42,"column":23},"end":{"line":47,"column":3}},"24":{"start":{"line":49,"column":2},"end":{"line":55,"column":5}},"25":{"start":{"line":50,"column":4},"end":{"line":54,"column":5}},"26":{"start":{"line":50,"column":54},"end":{"line":50,"column":74}},"27":{"start":{"line":51,"column":18},"end":{"line":51,"column":52}},"28":{"start":{"line":52,"column":25},"end":{"line":52,"column":72}},"29":{"start":{"line":53,"column":6},"end":{"line":53,"column":87}},"30":{"start":{"line":57,"column":2},"end":{"line":57,"column":18}}},"fnMap":{"0":{"name":"(anonymous_0)","decl":{"start":{"line":14,"column":32},"end":{"line":14,"column":33}},"loc":{"start":{"line":14,"column":75},"end":{"line":58,"column":1}},"line":14},"1":{"name":"(anonymous_1)","decl":{"start":{"line":49,"column":23},"end":{"line":49,"column":24}},"loc":{"start":{"line":49,"column":49},"end":{"line":55,"column":3}},"line":49},"2":{"name":"(anonymous_2)","decl":{"start":{"line":50,"column":46},"end":{"line":50,"column":47}},"loc":{"start":{"line":50,"column":54},"end":{"line":50,"column":74}},"line":50}},"branchMap":{"0":{"loc":{"start":{"line":14,"column":33},"end":{"line":14,"column":62}},"type":"default-arg","locations":[{"start":{"line":14,"column":60},"end":{"line":14,"column":62}}],"line":14},"1":{"loc":{"start":{"line":16,"column":4},"end":{"line":16,"column":15}},"type":"default-arg","locations":[{"start":{"line":16,"column":13},"end":{"line":16,"column":15}}],"line":16},"2":{"loc":{"start":{"line":17,"column":4},"end":{"line":17,"column":27}},"type":"default-arg","locations":[{"start":{"line":17,"column":23},"end":{"line":17,"column":27}}],"line":17},"3":{"loc":{"start":{"line":18,"column":4},"end":{"line":18,"column":27}},"type":"default-arg","locations":[{"start":{"line":18,"column":23},"end":{"line":18,"column":27}}],"line":18},"4":{"loc":{"start":{"line":19,"column":4},"end":{"line":19,"column":25}},"type":"default-arg","locations":[{"start":{"line":19,"column":21},"end":{"line":19,"column":25}}],"line":19},"5":{"loc":{"start":{"line":20,"column":4},"end":{"line":20,"column":25}},"type":"default-arg","locations":[{"start":{"line":20,"column":21},"end":{"line":20,"column":25}}],"line":20},"6":{"loc":{"start":{"line":24,"column":2},"end":{"line":24,"column":43}},"type":"if","locations":[{"start":{"line":24,"column":2},"end":{"line":24,"column":43}},{"start":{},"end":{}}],"line":24},"7":{"loc":{"start":{"line":25,"column":2},"end":{"line":25,"column":43}},"type":"if","locations":[{"start":{"line":25,"column":2},"end":{"line":25,"column":43}},{"start":{},"end":{}}],"line":25},"8":{"loc":{"start":{"line":26,"column":2},"end":{"line":26,"column":39}},"type":"if","locations":[{"start":{"line":26,"column":2},"end":{"line":26,"column":39}},{"start":{},"end":{}}],"line":26},"9":{"loc":{"start":{"line":27,"column":2},"end":{"line":27,"column":39}},"type":"if","locations":[{"start":{"line":27,"column":2},"end":{"line":27,"column":39}},{"start":{},"end":{}}],"line":27},"10":{"loc":{"start":{"line":29,"column":2},"end":{"line":31,"column":3}},"type":"if","locations":[{"start":{"line":29,"column":2},"end":{"line":31,"column":3}},{"start":{},"end":{}}],"line":29},"11":{"loc":{"start":{"line":50,"column":4},"end":{"line":54,"column":5}},"type":"if","locations":[{"start":{"line":50,"column":4},"end":{"line":54,"column":5}},{"start":{},"end":{}}],"line":50},"12":{"loc":{"start":{"line":50,"column":8},"end":{"line":50,"column":75}},"type":"binary-expr","locations":[{"start":{"line":50,"column":8},"end":{"line":50,"column":17}},{"start":{"line":50,"column":21},"end":{"line":50,"column":75}}],"line":50}},"s":{"0":0,"1":0,"2":0,"3":0,"4":0,"5":0,"6":0,"7":0,"8":0,"9":0,"10":0,"11":0,"12":0,"13":0,"14":0,"15":0,"16":0,"17":0,"18":0,"19":0,"20":0,"21":0,"22":0,"23":0,"24":0,"25":0,"26":0,"27":0,"28":0,"29":0,"30":0},"f":{"0":0,"1":0,"2":0},"b":{"0":[0],"1":[0],"2":[0],"3":[0],"4":[0],"5":[0],"6":[0,0],"7":[0,0],"8":[0,0],"9":[0,0],"10":[0,0],"11":[0,0],"12":[0,0]}}
,"C:\\Users\\hiago\\Documents\\security app\\securityvaultclone\\src\\utils\\passwordStrength.ts": {"path":"C:\\Users\\hiago\\Documents\\security app\\securityvaultclone\\src\\utils\\passwordStrength.ts","statementMap":{"0":{"start":{"line":8,"column":41},"end":{"line":12,"column":3}},"1":{"start":{"line":14,"column":2},"end":{"line":17,"column":3}},"2":{"start":{"line":15,"column":4},"end":{"line":15,"column":45}},"3":{"start":{"line":16,"column":4},"end":{"line":16,"column":18}},"4":{"start":{"line":20,"column":20},"end":{"line":20,"column":40}},"5":{"start":{"line":21,"column":23},"end":{"line":21,"column":45}},"6":{"start":{"line":22,"column":23},"end":{"line":22,"column":45}},"7":{"start":{"line":23,"column":21},"end":{"line":23,"column":40}},"8":{"start":{"line":24,"column":26},"end":{"line":24,"column":65}},"9":{"start":{"line":25,"column":28},"end":{"line":25,"column":55}},"10":{"start":{"line":26,"column":31},"end":{"line":26,"column":83}},"11":{"start":{"line":27,"column":25},"end":{"line":27,"column":81}},"12":{"start":{"line":30,"column":2},"end":{"line":30,"column":44}},"13":{"start":{"line":30,"column":29},"end":{"line":30,"column":44}},"14":{"start":{"line":31,"column":2},"end":{"line":31,"column":44}},"15":{"start":{"line":31,"column":29},"end":{"line":31,"column":44}},"16":{"start":{"line":34,"column":2},"end":{"line":34,"column":35}},"17":{"start":{"line":34,"column":20},"end":{"line":34,"column":35}},"18":{"start":{"line":35,"column":2},"end":{"line":35,"column":35}},"19":{"start":{"line":35,"column":20},"end":{"line":35,"column":35}},"20":{"start":{"line":36,"column":2},"end":{"line":36,"column":33}},"21":{"start":{"line":36,"column":18},"end":{"line":36,"column":33}},"22":{"start":{"line":37,"column":2},"end":{"line":37,"column":38}},"23":{"start":{"line":37,"column":23},"end":{"line":37,"column":38}},"24":{"start":{"line":40,"column":2},"end":{"line":40,"column":40}},"25":{"start":{"line":40,"column":25},"end":{"line":40,"column":40}},"26":{"start":{"line":41,"column":2},"end":{"line":41,"column":43}},"27":{"start":{"line":41,"column":28},"end":{"line":41,"column":43}},"28":{"start":{"line":42,"column":2},"end":{"line":42,"column":39}},"29":{"start":{"line":42,"column":22},"end":{"line":42,"column":39}},"30":{"start":{"line":45,"column":2},"end":{"line":45,"column":56}},"31":{"start":{"line":48,"column":2},"end":{"line":50,"column":3}},"32":{"start":{"line":49,"column":4},"end":{"line":49,"column":56}},"33":{"start":{"line":51,"column":2},"end":{"line":53,"column":3}},"34":{"start":{"line":52,"column":4},"end":{"line":52,"column":53}},"35":{"start":{"line":54,"column":2},"end":{"line":56,"column":3}},"36":{"start":{"line":55,"column":4},"end":{"line":55,"column":53}},"37":{"start":{"line":57,"column":2},"end":{"line":59,"column":3}},"38":{"start":{"line":58,"column":4},"end":{"line":58,"column":43}},"39":{"start":{"line":60,"column":2},"end":{"line":62,"column":3}},"40":{"start":{"line":61,"column":4},"end":{"line":61,"column":56}},"41":{"start":{"line":63,"column":2},"end":{"line":65,"column":3}},"42":{"start":{"line":64,"column":4},"end":{"line":64,"column":55}},"43":{"start":{"line":66,"column":2},"end":{"line":68,"column":3}},"44":{"start":{"line":67,"column":4},"end":{"line":67,"column":55}},"45":{"start":{"line":69,"column":2},"end":{"line":71,"column":3}},"46":{"start":{"line":70,"column":4},"end":{"line":70,"column":50}},"47":{"start":{"line":74,"column":2},"end":{"line":90,"column":3}},"48":{"start":{"line":76,"column":6},"end":{"line":76,"column":31}},"49":{"start":{"line":77,"column":6},"end":{"line":77,"column":12}},"50":{"start":{"line":79,"column":6},"end":{"line":79,"column":31}},"51":{"start":{"line":80,"column":6},"end":{"line":80,"column":12}},"52":{"start":{"line":82,"column":6},"end":{"line":82,"column":31}},"53":{"start":{"line":83,"column":6},"end":{"line":83,"column":12}},"54":{"start":{"line":85,"column":6},"end":{"line":85,"column":31}},"55":{"start":{"line":86,"column":6},"end":{"line":86,"column":12}},"56":{"start":{"line":88,"column":6},"end":{"line":88,"column":31}},"57":{"start":{"line":89,"column":6},"end":{"line":89,"column":12}},"58":{"start":{"line":92,"column":2},"end":{"line":92,"column":16}}},"fnMap":{"0":{"name":"analyzePasswordStrength","decl":{"start":{"line":7,"column":16},"end":{"line":7,"column":39}},"loc":{"start":{"line":7,"column":82},"end":{"line":93,"column":1}},"line":7}},"branchMap":{"0":{"loc":{"start":{"line":14,"column":2},"end":{"line":17,"column":3}},"type":"if","locations":[{"start":{"line":14,"column":2},"end":{"line":17,"column":3}},{"start":{},"end":{}}],"line":14},"1":{"loc":{"start":{"line":30,"column":2},"end":{"line":30,"column":44}},"type":"if","locations":[{"start":{"line":30,"column":2},"end":{"line":30,"column":44}},{"start":{},"end":{}}],"line":30},"2":{"loc":{"start":{"line":31,"column":2},"end":{"line":31,"column":44}},"type":"if","locations":[{"start":{"line":31,"column":2},"end":{"line":31,"column":44}},{"start":{},"end":{}}],"line":31},"3":{"loc":{"start":{"line":34,"column":2},"end":{"line":34,"column":35}},"type":"if","locations":[{"start":{"line":34,"column":2},"end":{"line":34,"column":35}},{"start":{},"end":{}}],"line":34},"4":{"loc":{"start":{"line":35,"column":2},"end":{"line":35,"column":35}},"type":"if","locations":[{"start":{"line":35,"column":2},"end":{"line":35,"column":35}},{"start":{},"end":{}}],"line":35},"5":{"loc":{"start":{"line":36,"column":2},"end":{"line":36,"column":33}},"type":"if","locations":[{"start":{"line":36,"column":2},"end":{"line":36,"column":33}},{"start":{},"end":{}}],"line":36},"6":{"loc":{"start":{"line":37,"column":2},"end":{"line":37,"column":38}},"type":"if","locations":[{"start":{"line":37,"column":2},"end":{"line":37,"column":38}},{"start":{},"end":{}}],"line":37},"7":{"loc":{"start":{"line":40,"column":2},"end":{"line":40,"column":40}},"type":"if","locations":[{"start":{"line":40,"column":2},"end":{"line":40,"column":40}},{"start":{},"end":{}}],"line":40},"8":{"loc":{"start":{"line":41,"column":2},"end":{"line":41,"column":43}},"type":"if","locations":[{"start":{"line":41,"column":2},"end":{"line":41,"column":43}},{"start":{},"end":{}}],"line":41},"9":{"loc":{"start":{"line":42,"column":2},"end":{"line":42,"column":39}},"type":"if","locations":[{"start":{"line":42,"column":2},"end":{"line":42,"column":39}},{"start":{},"end":{}}],"line":42},"10":{"loc":{"start":{"line":48,"column":2},"end":{"line":50,"column":3}},"type":"if","locations":[{"start":{"line":48,"column":2},"end":{"line":50,"column":3}},{"start":{},"end":{}}],"line":48},"11":{"loc":{"start":{"line":51,"column":2},"end":{"line":53,"column":3}},"type":"if","locations":[{"start":{"line":51,"column":2},"end":{"line":53,"column":3}},{"start":{},"end":{}}],"line":51},"12":{"loc":{"start":{"line":54,"column":2},"end":{"line":56,"column":3}},"type":"if","locations":[{"start":{"line":54,"column":2},"end":{"line":56,"column":3}},{"start":{},"end":{}}],"line":54},"13":{"loc":{"start":{"line":57,"column":2},"end":{"line":59,"column":3}},"type":"if","locations":[{"start":{"line":57,"column":2},"end":{"line":59,"column":3}},{"start":{},"end":{}}],"line":57},"14":{"loc":{"start":{"line":60,"column":2},"end":{"line":62,"column":3}},"type":"if","locations":[{"start":{"line":60,"column":2},"end":{"line":62,"column":3}},{"start":{},"end":{}}],"line":60},"15":{"loc":{"start":{"line":63,"column":2},"end":{"line":65,"column":3}},"type":"if","locations":[{"start":{"line":63,"column":2},"end":{"line":65,"column":3}},{"start":{},"end":{}}],"line":63},"16":{"loc":{"start":{"line":66,"column":2},"end":{"line":68,"column":3}},"type":"if","locations":[{"start":{"line":66,"column":2},"end":{"line":68,"column":3}},{"start":{},"end":{}}],"line":66},"17":{"loc":{"start":{"line":69,"column":2},"end":{"line":71,"column":3}},"type":"if","locations":[{"start":{"line":69,"column":2},"end":{"line":71,"column":3}},{"start":{},"end":{}}],"line":69},"18":{"loc":{"start":{"line":74,"column":2},"end":{"line":90,"column":3}},"type":"switch","locations":[{"start":{"line":75,"column":4},"end":{"line":77,"column":12}},{"start":{"line":78,"column":4},"end":{"line":80,"column":12}},{"start":{"line":81,"column":4},"end":{"line":83,"column":12}},{"start":{"line":84,"column":4},"end":{"line":86,"column":12}},{"start":{"line":87,"column":4},"end":{"line":89,"column":12}}],"line":74}},"s":{"0":0,"1":0,"2":0,"3":0,"4":0,"5":0,"6":0,"7":0,"8":0,"9":0,"10":0,"11":0,"12":0,"13":0,"14":0,"15":0,"16":0,"17":0,"18":0,"19":0,"20":0,"21":0,"22":0,"23":0,"24":0,"25":0,"26":0,"27":0,"28":0,"29":0,"30":0,"31":0,"32":0,"33":0,"34":0,"35":0,"36":0,"37":0,"38":0,"39":0,"40":0,"41":0,"42":0,"43":0,"44":0,"45":0,"46":0,"47":0,"48":0,"49":0,"50":0,"51":0,"52":0,"53":0,"54":0,"55":0,"56":0,"57":0,"58":0},"f":{"0":0},"b":{"0":[0,0],"1":[0,0],"2":[0,0],"3":[0,0],"4":[0,0],"5":[0,0],"6":[0,0],"7":[0,0],"8":[0,0],"9":[0,0],"10":[0,0],"11":[0,0],"12":[0,0],"13":[0,0],"14":[0,0],"15":[0,0],"16":[0,0],"17":[0,0],"18":[0,0,0,0,0]}}
}
