TN:
SF:app\_layout.tsx
FN:11,Layout
FN:12,(anonymous_1)
FNF:2
FNH:0
FNDA:0,Layout
FNDA:0,(anonymous_1)
DA:9,0
DA:12,0
DA:14,0
DA:17,0
DA:20,0
LF:5
LH:0
BRF:0
BRH:0
end_of_record
TN:
SF:app\auth.tsx
FN:9,Auth
FN:15,(anonymous_1)
FN:37,(anonymous_2)
FN:118,(anonymous_3)
FNF:4
FNH:0
FNDA:0,Auth
FNDA:0,(anonymous_1)
FNDA:0,(anonymous_2)
FNDA:0,(anonymous_3)
DA:10,0
DA:11,0
DA:12,0
DA:13,0
DA:15,0
DA:16,0
DA:17,0
DA:18,0
DA:21,0
DA:22,0
DA:23,0
DA:24,0
DA:26,0
DA:28,0
DA:30,0
DA:31,0
DA:33,0
DA:37,0
DA:38,0
DA:39,0
DA:40,0
DA:41,0
DA:42,0
DA:45,0
DA:46,0
DA:47,0
DA:48,0
DA:51,0
DA:56,0
DA:57,0
DA:60,0
DA:64,0
DA:118,0
DA:131,0
LF:34
LH:0
BRDA:16,0,0,0
BRDA:16,0,1,0
BRDA:16,1,0,0
BRDA:16,1,1,0
BRDA:23,2,0,0
BRDA:23,2,1,0
BRDA:40,3,0,0
BRDA:40,3,1,0
BRDA:46,4,0,0
BRDA:46,4,1,0
BRDA:56,5,0,0
BRDA:56,5,1,0
BRDA:66,6,0,0
BRDA:66,6,1,0
BRDA:71,7,0,0
BRDA:71,7,1,0
BRDA:102,8,0,0
BRDA:102,8,1,0
BRDA:105,9,0,0
BRDA:105,9,1,0
BRDA:122,10,0,0
BRDA:122,10,1,0
BRF:22
BRH:0
end_of_record
TN:
SF:app\(tabs)\_layout.tsx
FN:5,TabLayout
FN:17,(anonymous_1)
FN:24,(anonymous_2)
FN:31,(anonymous_3)
FN:38,(anonymous_4)
FN:45,(anonymous_5)
FNF:6
FNH:0
FNDA:0,TabLayout
FNDA:0,(anonymous_1)
FNDA:0,(anonymous_2)
FNDA:0,(anonymous_3)
FNDA:0,(anonymous_4)
FNDA:0,(anonymous_5)
DA:6,0
DA:8,0
DA:17,0
DA:24,0
DA:31,0
DA:38,0
DA:45,0
LF:7
LH:0
BRDA:11,0,0,0
BRDA:11,0,1,0
BRF:2
BRH:0
end_of_record
TN:
SF:app\(tabs)\index.tsx
FN:15,PasswordsScreen
FN:19,(anonymous_1)
FN:24,(anonymous_2)
FN:29,(anonymous_3)
FN:30,(anonymous_4)
FN:35,(anonymous_5)
FN:40,(anonymous_6)
FN:63,(anonymous_7)
FNF:8
FNH:0
FNDA:0,PasswordsScreen
FNDA:0,(anonymous_1)
FNDA:0,(anonymous_2)
FNDA:0,(anonymous_3)
FNDA:0,(anonymous_4)
FNDA:0,(anonymous_5)
FNDA:0,(anonymous_6)
FNDA:0,(anonymous_7)
DA:16,0
DA:17,0
DA:19,0
DA:21,0
DA:24,0
DA:25,0
DA:29,0
DA:31,0
DA:48,0
DA:63,0
DA:78,0
LF:11
LH:0
BRDA:50,0,0,0
BRDA:50,0,1,0
BRF:2
BRH:0
end_of_record
TN:
SF:app\(tabs)\passwords.tsx
FN:7,PasswordsScreen
FN:16,(anonymous_1)
FNF:2
FNH:0
FNDA:0,PasswordsScreen
FNDA:0,(anonymous_1)
DA:8,0
DA:10,0
DA:16,0
DA:22,0
LF:4
LH:0
BRF:0
BRH:0
end_of_record
TN:
SF:app\password\[id].tsx
FN:8,PasswordDetailScreen
FN:15,(anonymous_1)
FN:19,(anonymous_2)
FN:92,(anonymous_3)
FNF:4
FNH:0
FNDA:0,PasswordDetailScreen
FNDA:0,(anonymous_1)
FNDA:0,(anonymous_2)
FNDA:0,(anonymous_3)
DA:9,0
DA:10,0
DA:11,0
DA:12,0
DA:13,0
DA:15,0
DA:16,0
DA:19,0
DA:20,0
DA:21,0
DA:22,0
DA:25,0
DA:26,0
DA:27,0
DA:28,0
DA:30,0
DA:31,0
DA:34,0
DA:35,0
DA:37,0
DA:41,0
DA:42,0
DA:49,0
DA:50,0
DA:57,0
DA:58,0
DA:65,0
DA:92,0
DA:101,0
LF:29
LH:0
BRDA:20,0,0,0
BRDA:20,0,1,0
BRDA:20,1,0,0
BRDA:20,1,1,0
BRDA:27,2,0,0
BRDA:27,2,1,0
BRDA:41,3,0,0
BRDA:41,3,1,0
BRDA:49,4,0,0
BRDA:49,4,1,0
BRDA:57,5,0,0
BRDA:57,5,1,0
BRDA:75,6,0,0
BRDA:75,6,1,0
BRDA:82,7,0,0
BRDA:82,7,1,0
BRF:16
BRH:0
end_of_record
TN:
SF:app\password\new.tsx
FN:5,NewPasswordScreen
FNF:1
FNH:0
FNDA:0,NewPasswordScreen
DA:6,0
DA:13,0
LF:2
LH:0
BRF:0
BRH:0
end_of_record
TN:
SF:app\services\BiometricService.ts
FN:11,(anonymous_0)
FN:27,(anonymous_1)
FN:54,(anonymous_2)
FN:67,(anonymous_3)
FN:80,(anonymous_4)
FN:107,(anonymous_5)
FNF:6
FNH:5
FNDA:5,(anonymous_0)
FNDA:2,(anonymous_1)
FNDA:1,(anonymous_2)
FNDA:3,(anonymous_3)
FNDA:3,(anonymous_4)
FNDA:0,(anonymous_5)
DA:5,1
DA:6,1
DA:12,5
DA:13,5
DA:14,5
DA:16,4
DA:17,4
DA:19,0
DA:20,0
DA:28,2
DA:29,2
DA:30,2
DA:31,0
DA:34,2
DA:40,2
DA:41,1
DA:42,1
DA:44,1
DA:46,0
DA:47,0
DA:55,1
DA:56,1
DA:57,1
DA:59,0
DA:60,0
DA:68,3
DA:69,3
DA:70,3
DA:72,0
DA:73,0
DA:81,3
DA:82,3
DA:83,3
DA:84,1
DA:87,2
DA:93,2
DA:94,1
DA:95,1
DA:97,1
DA:99,1
DA:100,1
DA:108,0
DA:109,0
DA:110,0
DA:112,0
DA:113,0
LF:46
LH:32
BRDA:14,0,0,1
BRDA:14,0,1,4
BRDA:30,1,0,0
BRDA:30,1,1,2
BRDA:40,2,0,1
BRDA:40,2,1,1
BRDA:83,3,0,1
BRDA:83,3,1,2
BRDA:93,4,0,1
BRDA:93,4,1,1
BRF:10
BRH:9
end_of_record
TN:
SF:app\services\CryptoService.ts
FN:13,(anonymous_0)
FN:27,(anonymous_1)
FN:43,(anonymous_2)
FN:58,(anonymous_3)
FN:68,(anonymous_4)
FNF:5
FNH:5
FNDA:22,(anonymous_0)
FNDA:8,(anonymous_1)
FNDA:3,(anonymous_2)
FNDA:8,(anonymous_3)
FNDA:3,(anonymous_4)
DA:6,2
DA:7,2
DA:8,2
DA:14,22
DA:21,22
DA:28,8
DA:29,8
DA:30,8
DA:31,8
DA:32,8
DA:33,8
DA:35,0
DA:36,0
DA:44,3
DA:45,3
DA:46,3
DA:47,3
DA:48,3
DA:50,1
DA:51,1
DA:59,8
DA:60,8
DA:61,8
DA:62,8
DA:69,3
DA:70,3
DA:71,3
DA:72,3
DA:74,0
DA:75,0
LF:30
LH:26
BRF:0
BRH:0
end_of_record
TN:
SF:app\services\PasswordValidationService.ts
FN:20,(anonymous_0)
FN:37,(anonymous_1)
FN:78,(anonymous_2)
FN:99,(anonymous_3)
FNF:4
FNH:4
FNDA:12,(anonymous_0)
FNDA:8,(anonymous_1)
FNDA:5,(anonymous_2)
FNDA:245,(anonymous_3)
DA:14,2
DA:15,2
DA:21,12
DA:23,12
DA:38,8
DA:40,8
DA:41,1
DA:44,8
DA:45,1
DA:48,8
DA:49,1
DA:52,8
DA:53,1
DA:56,8
DA:57,1
DA:60,8
DA:61,8
DA:62,0
DA:63,0
DA:64,0
DA:66,0
DA:69,8
DA:79,5
DA:80,5
DA:81,5
DA:82,5
DA:84,5
DA:85,5
DA:88,5
DA:89,5
DA:90,5
DA:91,5
DA:94,5
DA:95,64
DA:99,245
LF:35
LH:31
BRDA:26,0,0,12
BRDA:26,0,1,10
BRDA:27,1,0,12
BRDA:27,1,1,0
BRDA:40,2,0,1
BRDA:40,2,1,7
BRDA:40,3,0,8
BRDA:40,3,1,8
BRDA:44,4,0,1
BRDA:44,4,1,7
BRDA:48,5,0,1
BRDA:48,5,1,7
BRDA:52,6,0,1
BRDA:52,6,1,7
BRDA:56,7,0,1
BRDA:56,7,1,7
BRDA:61,8,0,0
BRDA:61,8,1,8
BRDA:63,9,0,0
BRDA:63,9,1,0
BRDA:78,10,0,4
BRF:21
BRH:17
end_of_record
TN:
SF:src\components\PasswordForm.tsx
FN:18,(anonymous_0)
FN:42,(anonymous_1)
FN:60,(anonymous_2)
FN:63,(anonymous_3)
FN:85,(anonymous_4)
FN:101,(anonymous_5)
FN:102,(anonymous_6)
FN:107,(anonymous_7)
FN:118,(anonymous_8)
FN:129,(anonymous_9)
FN:138,(anonymous_10)
FN:172,(anonymous_11)
FN:173,(anonymous_12)
FN:177,(anonymous_13)
FN:186,(anonymous_14)
FN:193,(anonymous_15)
FN:197,(anonymous_16)
FN:205,(anonymous_17)
FN:205,(anonymous_18)
FN:217,(anonymous_19)
FN:217,(anonymous_20)
FN:238,(anonymous_21)
FN:270,(anonymous_22)
FN:290,(anonymous_23)
FN:290,(anonymous_24)
FNF:25
FNH:0
FNDA:0,(anonymous_0)
FNDA:0,(anonymous_1)
FNDA:0,(anonymous_2)
FNDA:0,(anonymous_3)
FNDA:0,(anonymous_4)
FNDA:0,(anonymous_5)
FNDA:0,(anonymous_6)
FNDA:0,(anonymous_7)
FNDA:0,(anonymous_8)
FNDA:0,(anonymous_9)
FNDA:0,(anonymous_10)
FNDA:0,(anonymous_11)
FNDA:0,(anonymous_12)
FNDA:0,(anonymous_13)
FNDA:0,(anonymous_14)
FNDA:0,(anonymous_15)
FNDA:0,(anonymous_16)
FNDA:0,(anonymous_17)
FNDA:0,(anonymous_18)
FNDA:0,(anonymous_19)
FNDA:0,(anonymous_20)
FNDA:0,(anonymous_21)
FNDA:0,(anonymous_22)
FNDA:0,(anonymous_23)
FNDA:0,(anonymous_24)
DA:18,0
DA:19,0
DA:20,0
DA:21,0
DA:22,0
DA:23,0
DA:24,0
DA:25,0
DA:26,0
DA:28,0
DA:36,0
DA:42,0
DA:43,0
DA:49,0
DA:50,0
DA:52,0
DA:53,0
DA:55,0
DA:56,0
DA:59,0
DA:60,0
DA:63,0
DA:64,0
DA:66,0
DA:67,0
DA:68,0
DA:69,0
DA:70,0
DA:71,0
DA:72,0
DA:73,0
DA:75,0
DA:77,0
DA:79,0
DA:84,0
DA:86,0
DA:88,0
DA:89,0
DA:90,0
DA:91,0
DA:93,0
DA:95,0
DA:101,0
DA:102,0
DA:103,0
DA:104,0
DA:107,0
DA:108,0
DA:115,0
DA:118,0
DA:119,0
DA:120,0
DA:121,0
DA:123,0
DA:124,0
DA:126,0
DA:129,0
DA:130,0
DA:131,0
DA:132,0
DA:133,0
DA:137,0
DA:139,0
DA:140,0
DA:141,0
DA:144,0
DA:145,0
DA:147,0
DA:150,0
DA:151,0
DA:154,0
DA:156,0
DA:157,0
DA:164,0
DA:166,0
DA:172,0
DA:173,0
DA:174,0
DA:177,0
DA:178,0
DA:179,0
DA:180,0
DA:181,0
DA:183,0
DA:186,0
DA:187,0
DA:188,0
DA:189,0
DA:190,0
DA:193,0
DA:194,0
DA:197,0
DA:200,0
DA:205,0
DA:217,0
DA:238,0
DA:270,0
DA:290,0
DA:322,0
LF:99
LH:0
BRDA:29,0,0,0
BRDA:29,0,1,0
BRDA:30,1,0,0
BRDA:30,1,1,0
BRDA:31,2,0,0
BRDA:31,2,1,0
BRDA:32,3,0,0
BRDA:32,3,1,0
BRDA:33,4,0,0
BRDA:33,4,1,0
BRDA:49,5,0,0
BRDA:49,5,1,0
BRDA:52,6,0,0
BRDA:52,6,1,0
BRDA:55,7,0,0
BRDA:55,7,1,0
BRDA:64,8,0,0
BRDA:64,8,1,0
BRDA:68,9,0,0
BRDA:68,9,1,0
BRDA:71,10,0,0
BRDA:71,10,1,0
BRDA:86,11,0,0
BRDA:86,11,1,0
BRDA:119,12,0,0
BRDA:119,12,1,0
BRDA:120,13,0,0
BRDA:120,13,1,0
BRDA:123,14,0,0
BRDA:123,14,1,0
BRDA:123,15,0,0
BRDA:123,15,1,0
BRDA:130,16,0,0
BRDA:130,16,1,0
BRDA:131,17,0,0
BRDA:131,17,1,0
BRDA:132,18,0,0
BRDA:132,18,1,0
BRDA:132,19,0,0
BRDA:132,19,1,0
BRDA:139,20,0,0
BRDA:139,20,1,0
BRDA:150,21,0,0
BRDA:150,21,1,0
BRDA:156,22,0,0
BRDA:156,22,1,0
BRDA:178,23,0,0
BRDA:178,23,1,0
BRDA:179,24,0,0
BRDA:179,24,1,0
BRDA:180,25,0,0
BRDA:180,25,1,0
BRDA:180,26,0,0
BRDA:180,26,1,0
BRDA:187,27,0,0
BRDA:187,27,1,0
BRDA:188,28,0,0
BRDA:188,28,1,0
BRDA:189,29,0,0
BRDA:189,29,1,0
BRDA:189,30,0,0
BRDA:189,30,1,0
BRDA:194,31,0,0
BRDA:194,31,1,0
BRDA:194,31,2,0
BRDA:194,31,3,0
BRDA:232,32,0,0
BRDA:232,32,1,0
BRDA:237,33,0,0
BRDA:237,33,1,0
BRDA:255,34,0,0
BRDA:255,34,1,0
BRDA:255,34,2,0
BRDA:257,35,0,0
BRDA:257,35,1,0
BRDA:265,36,0,0
BRDA:265,36,1,0
BRDA:268,37,0,0
BRDA:268,37,1,0
BRDA:272,38,0,0
BRDA:272,38,1,0
BRDA:274,39,0,0
BRDA:274,39,1,0
BRDA:275,40,0,0
BRDA:275,40,1,0
BRDA:282,41,0,0
BRDA:282,41,1,0
BRDA:282,41,2,0
BRDA:304,42,0,0
BRDA:304,42,1,0
BRDA:307,43,0,0
BRDA:307,43,1,0
BRDA:307,43,2,0
BRDA:313,44,0,0
BRDA:313,44,1,0
BRF:95
BRH:0
end_of_record
TN:
SF:src\components\PasswordList.tsx
FN:8,(anonymous_0)
FN:12,(anonymous_1)
FN:16,(anonymous_2)
FN:26,(anonymous_3)
FN:35,(anonymous_4)
FN:48,(anonymous_5)
FN:52,(anonymous_6)
FN:70,(anonymous_7)
FN:75,(anonymous_8)
FN:86,(anonymous_9)
FN:88,(anonymous_10)
FNF:11
FNH:0
FNDA:0,(anonymous_0)
FNDA:0,(anonymous_1)
FNDA:0,(anonymous_2)
FNDA:0,(anonymous_3)
FNDA:0,(anonymous_4)
FNDA:0,(anonymous_5)
FNDA:0,(anonymous_6)
FNDA:0,(anonymous_7)
FNDA:0,(anonymous_8)
FNDA:0,(anonymous_9)
FNDA:0,(anonymous_10)
DA:8,0
DA:9,0
DA:10,0
DA:12,0
DA:13,0
DA:16,0
DA:17,0
DA:18,0
DA:19,0
DA:20,0
DA:22,0
DA:26,0
DA:27,0
DA:36,0
DA:37,0
DA:38,0
DA:40,0
DA:48,0
DA:49,0
DA:52,0
DA:70,0
DA:75,0
DA:82,0
DA:86,0
DA:89,0
DA:100,0
LF:26
LH:0
BRDA:56,0,0,0
BRDA:56,0,1,0
BRF:2
BRH:0
end_of_record
TN:
SF:src\components\PasswordStrengthMeter.tsx
FN:15,(anonymous_0)
FN:16,(anonymous_1)
FN:23,(anonymous_2)
FN:58,(anonymous_3)
FNF:4
FNH:0
FNDA:0,(anonymous_0)
FNDA:0,(anonymous_1)
FNDA:0,(anonymous_2)
FNDA:0,(anonymous_3)
DA:15,0
DA:16,0
DA:17,0
DA:23,0
DA:24,0
DA:26,0
DA:28,0
DA:30,0
DA:32,0
DA:34,0
DA:36,0
DA:40,0
DA:59,0
DA:73,0
LF:14
LH:0
BRDA:24,0,0,0
BRDA:24,0,1,0
BRDA:24,0,2,0
BRDA:24,0,3,0
BRDA:24,0,4,0
BRDA:24,0,5,0
BRDA:56,1,0,0
BRDA:56,1,1,0
BRF:8
BRH:0
end_of_record
TN:
SF:src\config\firebase.ts
FNF:0
FNH:0
DA:6,0
DA:16,0
DA:17,0
LF:3
LH:0
BRDA:7,0,0,0
BRDA:7,0,1,0
BRDA:8,1,0,0
BRDA:8,1,1,0
BRDA:9,2,0,0
BRDA:9,2,1,0
BRDA:10,3,0,0
BRDA:10,3,1,0
BRDA:11,4,0,0
BRDA:11,4,1,0
BRDA:12,5,0,0
BRDA:12,5,1,0
BRF:12
BRH:0
end_of_record
TN:
SF:src\constants\theme.ts
FNF:0
FNH:0
DA:3,0
LF:1
LH:0
BRF:0
BRH:0
end_of_record
TN:
SF:src\services\auth.ts
FN:15,(anonymous_0)
FN:27,(anonymous_1)
FN:39,(anonymous_2)
FN:50,(anonymous_3)
FN:61,(anonymous_4)
FNF:5
FNH:0
FNDA:0,(anonymous_0)
FNDA:0,(anonymous_1)
FNDA:0,(anonymous_2)
FNDA:0,(anonymous_3)
FNDA:0,(anonymous_4)
DA:15,0
DA:16,0
DA:17,0
DA:18,0
DA:20,0
DA:27,0
DA:28,0
DA:29,0
DA:30,0
DA:32,0
DA:39,0
DA:40,0
DA:41,0
DA:43,0
DA:50,0
DA:51,0
DA:52,0
DA:54,0
DA:61,0
DA:62,0
LF:20
LH:0
BRF:0
BRH:0
end_of_record
TN:
SF:src\services\encryption.ts
FN:25,(anonymous_0)
FN:32,(anonymous_1)
FN:42,(anonymous_2)
FN:48,(anonymous_3)
FN:55,(anonymous_4)
FN:60,(anonymous_5)
FN:66,(anonymous_6)
FN:86,(anonymous_7)
FN:92,(anonymous_8)
FN:94,(anonymous_9)
FN:107,(anonymous_10)
FN:109,(anonymous_11)
FN:130,(anonymous_12)
FN:132,(anonymous_13)
FNF:14
FNH:0
FNDA:0,(anonymous_0)
FNDA:0,(anonymous_1)
FNDA:0,(anonymous_2)
FNDA:0,(anonymous_3)
FNDA:0,(anonymous_4)
FNDA:0,(anonymous_5)
FNDA:0,(anonymous_6)
FNDA:0,(anonymous_7)
FNDA:0,(anonymous_8)
FNDA:0,(anonymous_9)
FNDA:0,(anonymous_10)
FNDA:0,(anonymous_11)
FNDA:0,(anonymous_12)
FNDA:0,(anonymous_13)
DA:6,0
DA:7,0
DA:22,0
DA:26,0
DA:28,0
DA:30,0
DA:31,0
DA:32,0
DA:35,0
DA:38,0
DA:43,0
DA:44,0
DA:49,0
DA:50,0
DA:51,0
DA:56,0
DA:57,0
DA:61,0
DA:62,0
DA:67,0
DA:69,0
DA:71,0
DA:79,0
DA:80,0
DA:82,0
DA:87,0
DA:88,0
DA:93,0
DA:94,0
DA:96,0
DA:97,0
DA:103,0
DA:108,0
DA:109,0
DA:111,0
DA:113,0
DA:119,0
DA:120,0
DA:123,0
DA:124,0
DA:126,0
DA:131,0
DA:132,0
DA:134,0
DA:136,0
DA:137,0
DA:141,0
LF:47
LH:0
BRDA:28,0,0,0
BRDA:28,0,1,0
BRDA:43,1,0,0
BRDA:43,1,1,0
BRDA:49,2,0,0
BRDA:49,2,1,0
BRDA:56,3,0,0
BRDA:56,3,1,0
BRDA:61,4,0,0
BRDA:61,4,1,0
BRDA:67,5,0,0
BRDA:67,5,1,0
BRDA:88,6,0,0
BRDA:88,6,1,0
BRDA:96,7,0,0
BRDA:96,7,1,0
BRDA:111,8,0,0
BRDA:111,8,1,0
BRDA:119,9,0,0
BRDA:119,9,1,0
BRDA:134,10,0,0
BRDA:134,10,1,0
BRF:22
BRH:0
end_of_record
TN:
SF:src\services\hibp.ts
FN:15,(anonymous_0)
FNF:1
FNH:0
FNDA:0,(anonymous_0)
DA:9,0
DA:16,0
DA:18,0
DA:21,0
DA:22,0
DA:25,0
DA:27,0
DA:28,0
DA:32,0
DA:33,0
DA:36,0
DA:37,0
DA:38,0
DA:39,0
DA:47,0
DA:52,0
DA:53,0
LF:17
LH:0
BRDA:27,0,0,0
BRDA:27,0,1,0
BRDA:38,1,0,0
BRDA:38,1,1,0
BRF:4
BRH:0
end_of_record
TN:
SF:src\services\virusTotal.ts
FN:18,(anonymous_0)
FN:40,(anonymous_1)
FN:55,(anonymous_2)
FN:56,(anonymous_3)
FN:75,(anonymous_4)
FN:97,(anonymous_5)
FN:98,(anonymous_6)
FNF:7
FNH:0
FNDA:0,(anonymous_0)
FNDA:0,(anonymous_1)
FNDA:0,(anonymous_2)
FNDA:0,(anonymous_3)
FNDA:0,(anonymous_4)
FNDA:0,(anonymous_5)
FNDA:0,(anonymous_6)
DA:10,0
DA:11,0
DA:19,0
DA:20,0
DA:21,0
DA:25,0
DA:33,0
DA:34,0
DA:37,0
DA:40,0
DA:43,0
DA:47,0
DA:48,0
DA:51,0
DA:54,0
DA:55,0
DA:56,0
DA:58,0
DA:66,0
DA:67,0
DA:76,0
DA:77,0
DA:78,0
DA:81,0
DA:85,0
DA:86,0
DA:89,0
DA:92,0
DA:93,0
DA:96,0
DA:97,0
DA:98,0
DA:100,0
DA:108,0
DA:109,0
LF:35
LH:0
BRDA:20,0,0,0
BRDA:20,0,1,0
BRDA:33,1,0,0
BRDA:33,1,1,0
BRDA:47,2,0,0
BRDA:47,2,1,0
BRDA:77,3,0,0
BRDA:77,3,1,0
BRDA:85,4,0,0
BRDA:85,4,1,0
BRDA:92,5,0,0
BRDA:92,5,1,0
BRF:12
BRH:0
end_of_record
TN:
SF:src\utils\passwordGenerator.ts
FN:14,(anonymous_0)
FN:49,(anonymous_1)
FN:50,(anonymous_2)
FNF:3
FNH:0
FNDA:0,(anonymous_0)
FNDA:0,(anonymous_1)
FNDA:0,(anonymous_2)
DA:1,0
DA:2,0
DA:3,0
DA:4,0
DA:14,0
DA:21,0
DA:23,0
DA:24,0
DA:25,0
DA:26,0
DA:27,0
DA:29,0
DA:30,0
DA:33,0
DA:34,0
DA:35,0
DA:37,0
DA:38,0
DA:42,0
DA:49,0
DA:50,0
DA:51,0
DA:52,0
DA:53,0
DA:57,0
LF:25
LH:0
BRDA:14,0,0,0
BRDA:16,1,0,0
BRDA:17,2,0,0
BRDA:18,3,0,0
BRDA:19,4,0,0
BRDA:20,5,0,0
BRDA:24,6,0,0
BRDA:24,6,1,0
BRDA:25,7,0,0
BRDA:25,7,1,0
BRDA:26,8,0,0
BRDA:26,8,1,0
BRDA:27,9,0,0
BRDA:27,9,1,0
BRDA:29,10,0,0
BRDA:29,10,1,0
BRDA:50,11,0,0
BRDA:50,11,1,0
BRDA:50,12,0,0
BRDA:50,12,1,0
BRF:20
BRH:0
end_of_record
TN:
SF:src\utils\passwordStrength.ts
FN:7,analyzePasswordStrength
FNF:1
FNH:0
FNDA:0,analyzePasswordStrength
DA:8,0
DA:14,0
DA:15,0
DA:16,0
DA:20,0
DA:21,0
DA:22,0
DA:23,0
DA:24,0
DA:25,0
DA:26,0
DA:27,0
DA:30,0
DA:31,0
DA:34,0
DA:35,0
DA:36,0
DA:37,0
DA:40,0
DA:41,0
DA:42,0
DA:45,0
DA:48,0
DA:49,0
DA:51,0
DA:52,0
DA:54,0
DA:55,0
DA:57,0
DA:58,0
DA:60,0
DA:61,0
DA:63,0
DA:64,0
DA:66,0
DA:67,0
DA:69,0
DA:70,0
DA:74,0
DA:76,0
DA:77,0
DA:79,0
DA:80,0
DA:82,0
DA:83,0
DA:85,0
DA:86,0
DA:88,0
DA:89,0
DA:92,0
LF:50
LH:0
BRDA:14,0,0,0
BRDA:14,0,1,0
BRDA:30,1,0,0
BRDA:30,1,1,0
BRDA:31,2,0,0
BRDA:31,2,1,0
BRDA:34,3,0,0
BRDA:34,3,1,0
BRDA:35,4,0,0
BRDA:35,4,1,0
BRDA:36,5,0,0
BRDA:36,5,1,0
BRDA:37,6,0,0
BRDA:37,6,1,0
BRDA:40,7,0,0
BRDA:40,7,1,0
BRDA:41,8,0,0
BRDA:41,8,1,0
BRDA:42,9,0,0
BRDA:42,9,1,0
BRDA:48,10,0,0
BRDA:48,10,1,0
BRDA:51,11,0,0
BRDA:51,11,1,0
BRDA:54,12,0,0
BRDA:54,12,1,0
BRDA:57,13,0,0
BRDA:57,13,1,0
BRDA:60,14,0,0
BRDA:60,14,1,0
BRDA:63,15,0,0
BRDA:63,15,1,0
BRDA:66,16,0,0
BRDA:66,16,1,0
BRDA:69,17,0,0
BRDA:69,17,1,0
BRDA:74,18,0,0
BRDA:74,18,1,0
BRDA:74,18,2,0
BRDA:74,18,3,0
BRDA:74,18,4,0
BRF:41
BRH:0
end_of_record
